2025-07-16 09:59:52 [INFO] Launching Chrome browser with remote debugging...
2025-07-16 09:59:52 [INFO] Chrome launched. Log in manually, then press Enter to continue...
2025-07-16 10:00:11 [INFO] Setting up ChromeDriver service...
2025-07-16 10:00:11 [INFO] Connected to ChromeDriver via remote debugging.
2025-07-16 10:00:14 [INFO] Running task for industry: All and subfocus: Supply Chain, from 2016-04-01 to 2016-04-30
2025-07-16 10:00:14 [INFO] Task 1/1159: All/Supply Chain 2016-04-01-2016-04-30
2025-07-16 10:00:14 [INFO] Starting scraper task for All from 2016-04-01 to 2016-04-30
2025-07-16 10:00:14 [INFO] First iteration: performing full setup
2025-07-16 10:00:14 [INFO] Setting date range: 2016-04-01 to 2016-04-30
2025-07-16 10:00:14 [INFO] Date range fields updated
2025-07-16 10:00:14 [INFO] Set search text to: rst=topuk
2025-07-16 10:00:15 [INFO] Added to search text:  AND la=en
2025-07-16 10:00:16 [INFO] Added to search text:  AND re=UK
2025-07-16 10:00:17 [INFO] Using subfocus: Supply Chain
2025-07-16 10:00:17 [INFO] Current search text: rst=topuk  AND la=en  AND re=UK
2025-07-16 10:00:17 [INFO] Set subfocus filter for: Supply Chain (ns=cscm)
2025-07-16 10:00:17 [INFO] Set search text to: rst=topuk AND la=en AND re=UK AND ns=cscm
2025-07-16 10:00:18 [INFO] Current search text: rst=topuk AND la=en AND re=UK AND ns=cscm
2025-07-16 10:00:18 [INFO] Set search text to: rst=topuk AND la=en AND re=UK AND ns=cscm
2025-07-16 10:00:19 [INFO] Set industry filter for: All ()
2025-07-16 10:00:30 [INFO] Other search parameters set
2025-07-16 10:00:44 [INFO] Search button clicked
2025-07-16 10:00:45 [INFO] Results found: 6
2025-07-16 10:00:49 [INFO] Results saved to /Users/federicopessina/Library/CloudStorage/Dropbox/Work/UCL PhD/Research/Firm_Attention/2. Data/monthly/factiva_results/All/Supply Chain/2016-04-01_to_2016-04-30.csv
2025-07-16 10:00:49 [INFO] Found 6 results - CSV saved, proceeding with charts
2025-07-16 10:01:01 [WARNING] Failed to export Source CSV: Timed out waiting for /Users/federicopessina/Downloads/Source.csv
2025-07-16 10:01:03 [INFO] Subfocus 'Supply Chain' specified - skipping industry chart download
2025-07-16 10:01:03 [INFO] Downloads folder already clean (no CSV files)
2025-07-16 10:01:11 [INFO] Modify search button clicked
2025-07-16 10:01:11 [INFO] First iteration setup complete
2025-07-16 10:01:11 [INFO] Completed task for All from 2016-04-01 to 2016-04-30
2025-07-16 10:01:11 [INFO] Task status updated to 1 for All/Supply Chain 2016-04-01-2016-04-30
2025-07-16 10:01:11 [INFO] ✅ Task marked as completed for All/Supply Chain
2025-07-16 10:01:11 [INFO] ✅ Task 1/1159 completed
2025-07-16 10:01:11 [INFO] Running task for industry: All and subfocus: None, from 2016-05-01 to 2016-05-31
2025-07-16 10:01:11 [INFO] Task 2/1159: All/None 2016-05-01-2016-05-31
2025-07-16 10:01:11 [INFO] Starting scraper task for All from 2016-05-01 to 2016-05-31
2025-07-16 10:01:11 [INFO] Next iteration: updating parameters
2025-07-16 10:01:11 [INFO] Setting date range: 2016-05-01 to 2016-05-31
2025-07-16 10:01:12 [INFO] Date range fields updated
2025-07-16 10:01:12 [INFO] Industry unchanged: All
2025-07-16 10:01:12 [INFO] Subfocus changed from Supply Chain to None
2025-07-16 10:01:12 [INFO] Reverting to broad subject categories
2025-07-16 10:01:12 [INFO] Current search text: rst=topuk AND la=en AND re=UK AND ns=cscm
2025-07-16 10:01:12 [INFO] Set search text to: rst=topuk AND la=en AND re=UK AND (ns=ccat OR ns=ecat OR ns=mcat)
2025-07-16 10:01:24 [INFO] Search button clicked
2025-07-16 10:01:24 [INFO] Results found: 10062
2025-07-16 10:01:28 [INFO] Results saved to /Users/federicopessina/Library/CloudStorage/Dropbox/Work/UCL PhD/Research/Firm_Attention/2. Data/monthly/factiva_results/All/no_subfocus/2016-05-01_to_2016-05-31.csv
2025-07-16 10:01:28 [INFO] Found 10062 results - CSV saved, proceeding with charts
2025-07-16 10:01:36 [INFO] Downloads folder already clean (no CSV files)
2025-07-16 10:01:44 [INFO] Modify search button clicked
2025-07-16 10:01:44 [INFO] Next iteration update complete
2025-07-16 10:01:44 [INFO] Completed task for All from 2016-05-01 to 2016-05-31
2025-07-16 10:01:44 [INFO] Task status updated to 1 for All/None 2016-05-01-2016-05-31
2025-07-16 10:01:44 [INFO] ✅ Task marked as completed for All/None
2025-07-16 10:01:44 [INFO] ✅ Task 2/1159 completed
2025-07-16 10:01:44 [INFO] Running task for industry: All and subfocus: Tariffs, from 2016-05-01 to 2016-05-31
2025-07-16 10:01:44 [INFO] Task 3/1159: All/Tariffs 2016-05-01-2016-05-31
2025-07-16 10:01:44 [INFO] Starting scraper task for All from 2016-05-01 to 2016-05-31
2025-07-16 10:01:44 [INFO] Next iteration: updating parameters
2025-07-16 10:01:44 [INFO] Setting date range: 2016-05-01 to 2016-05-31
2025-07-16 10:01:45 [INFO] Date range fields updated
2025-07-16 10:01:45 [INFO] Industry unchanged: All
2025-07-16 10:01:45 [INFO] Subfocus changed from None to Tariffs
2025-07-16 10:01:45 [INFO] Current search text: rst=topuk AND la=en AND re=UK AND (ns=ccat OR ns=ecat OR ns=mcat)
2025-07-16 10:01:45 [INFO] Set subfocus filter for: Tariffs (ns=gtrade)
2025-07-16 10:01:45 [INFO] Set search text to: rst=topuk AND la=en AND re=UK AND ns=gtrade
2025-07-16 10:01:57 [INFO] Search button clicked
2025-07-16 10:01:57 [INFO] Results found: 108
2025-07-16 10:02:01 [INFO] Results saved to /Users/federicopessina/Library/CloudStorage/Dropbox/Work/UCL PhD/Research/Firm_Attention/2. Data/monthly/factiva_results/All/Tariffs/2016-05-01_to_2016-05-31.csv
2025-07-16 10:02:01 [INFO] Found 108 results - CSV saved, proceeding with charts
2025-07-16 10:02:07 [INFO] Subfocus 'Tariffs' specified - skipping industry chart download
2025-07-16 10:02:07 [INFO] Clearing 1 CSV files from downloads folder...
2025-07-16 10:02:07 [INFO] Deleted: Industry.csv
2025-07-16 10:02:07 [INFO] ✅ Downloads folder cleared
2025-07-16 10:02:15 [INFO] Modify search button clicked
2025-07-16 10:02:15 [INFO] Next iteration update complete
2025-07-16 10:02:15 [INFO] Completed task for All from 2016-05-01 to 2016-05-31
2025-07-16 10:02:15 [INFO] Task status updated to 1 for All/Tariffs 2016-05-01-2016-05-31
2025-07-16 10:02:15 [INFO] ✅ Task marked as completed for All/Tariffs
2025-07-16 10:02:15 [INFO] ✅ Task 3/1159 completed
2025-07-16 10:02:15 [INFO] Running task for industry: All and subfocus: Supply Chain, from 2016-05-01 to 2016-05-31
2025-07-16 10:02:15 [INFO] Task 4/1159: All/Supply Chain 2016-05-01-2016-05-31
2025-07-16 10:02:15 [INFO] Starting scraper task for All from 2016-05-01 to 2016-05-31
2025-07-16 10:02:15 [INFO] Next iteration: updating parameters
2025-07-16 10:02:15 [INFO] Setting date range: 2016-05-01 to 2016-05-31
2025-07-16 10:02:16 [INFO] Date range fields updated
2025-07-16 10:02:16 [INFO] Industry unchanged: All
2025-07-16 10:02:16 [INFO] Subfocus changed from Tariffs to Supply Chain
2025-07-16 10:02:16 [INFO] Current search text: rst=topuk AND la=en AND re=UK AND ns=gtrade
2025-07-16 10:02:16 [INFO] Set subfocus filter for: Supply Chain (ns=cscm)
2025-07-16 10:02:16 [INFO] Set search text to: rst=topuk AND la=en AND re=UK AND ns=cscm
2025-07-16 10:02:28 [INFO] Search button clicked
2025-07-16 10:02:28 [INFO] Results found: 5
2025-07-16 10:02:32 [INFO] Results saved to /Users/federicopessina/Library/CloudStorage/Dropbox/Work/UCL PhD/Research/Firm_Attention/2. Data/monthly/factiva_results/All/Supply Chain/2016-05-01_to_2016-05-31.csv
2025-07-16 10:02:32 [INFO] Found 5 results - CSV saved, proceeding with charts
2025-07-16 10:02:38 [INFO] Subfocus 'Supply Chain' specified - skipping industry chart download
2025-07-16 10:02:38 [INFO] Downloads folder already clean (no CSV files)
2025-07-16 10:02:46 [INFO] Modify search button clicked
2025-07-16 10:02:46 [INFO] Next iteration update complete
2025-07-16 10:02:46 [INFO] Completed task for All from 2016-05-01 to 2016-05-31
2025-07-16 10:02:46 [INFO] Task status updated to 1 for All/Supply Chain 2016-05-01-2016-05-31
2025-07-16 10:02:46 [INFO] ✅ Task marked as completed for All/Supply Chain
2025-07-16 10:02:46 [INFO] ✅ Task 4/1159 completed
2025-07-16 10:02:46 [INFO] Running task for industry: All and subfocus: None, from 2016-06-01 to 2016-06-30
2025-07-16 10:02:46 [INFO] Task 5/1159: All/None 2016-06-01-2016-06-30
2025-07-16 10:02:46 [INFO] Starting scraper task for All from 2016-06-01 to 2016-06-30
2025-07-16 10:02:46 [INFO] Next iteration: updating parameters
2025-07-16 10:02:46 [INFO] Setting date range: 2016-06-01 to 2016-06-30
2025-07-16 10:02:47 [INFO] Date range fields updated
2025-07-16 10:02:47 [INFO] Industry unchanged: All
2025-07-16 10:02:47 [INFO] Subfocus changed from Supply Chain to None
2025-07-16 10:02:47 [INFO] Reverting to broad subject categories
2025-07-16 10:02:47 [INFO] Current search text: rst=topuk AND la=en AND re=UK AND ns=cscm
2025-07-16 10:02:47 [INFO] Set search text to: rst=topuk AND la=en AND re=UK AND (ns=ccat OR ns=ecat OR ns=mcat)
2025-07-16 10:02:59 [INFO] Search button clicked
2025-07-16 10:02:59 [INFO] Results found: 9614
2025-07-16 10:03:03 [INFO] Results saved to /Users/federicopessina/Library/CloudStorage/Dropbox/Work/UCL PhD/Research/Firm_Attention/2. Data/monthly/factiva_results/All/no_subfocus/2016-06-01_to_2016-06-30.csv
2025-07-16 10:03:03 [INFO] Found 9614 results - CSV saved, proceeding with charts
2025-07-16 10:03:12 [INFO] Downloads folder already clean (no CSV files)
2025-07-16 10:03:20 [INFO] Modify search button clicked
2025-07-16 10:03:20 [INFO] Next iteration update complete
2025-07-16 10:03:20 [INFO] Completed task for All from 2016-06-01 to 2016-06-30
2025-07-16 10:03:20 [INFO] Task status updated to 1 for All/None 2016-06-01-2016-06-30
2025-07-16 10:03:20 [INFO] ✅ Task marked as completed for All/None
2025-07-16 10:03:20 [INFO] ✅ Task 5/1159 completed
2025-07-16 10:03:20 [INFO] Running task for industry: All and subfocus: Tariffs, from 2016-06-01 to 2016-06-30
2025-07-16 10:03:20 [INFO] Task 6/1159: All/Tariffs 2016-06-01-2016-06-30
2025-07-16 10:03:20 [INFO] Starting scraper task for All from 2016-06-01 to 2016-06-30
2025-07-16 10:03:20 [INFO] Next iteration: updating parameters
2025-07-16 10:03:20 [INFO] Setting date range: 2016-06-01 to 2016-06-30
2025-07-16 10:03:21 [INFO] Date range fields updated
2025-07-16 10:03:21 [INFO] Industry unchanged: All
2025-07-16 10:03:21 [INFO] Subfocus changed from None to Tariffs
2025-07-16 10:03:21 [INFO] Current search text: rst=topuk AND la=en AND re=UK AND (ns=ccat OR ns=ecat OR ns=mcat)
2025-07-16 10:03:21 [INFO] Set subfocus filter for: Tariffs (ns=gtrade)
2025-07-16 10:03:21 [INFO] Set search text to: rst=topuk AND la=en AND re=UK AND ns=gtrade
2025-07-16 10:03:33 [INFO] Search button clicked
2025-07-16 10:03:33 [INFO] Results found: 75
2025-07-16 10:03:37 [INFO] Results saved to /Users/federicopessina/Library/CloudStorage/Dropbox/Work/UCL PhD/Research/Firm_Attention/2. Data/monthly/factiva_results/All/Tariffs/2016-06-01_to_2016-06-30.csv
2025-07-16 10:03:37 [INFO] Found 75 results - CSV saved, proceeding with charts
2025-07-16 10:03:43 [INFO] Subfocus 'Tariffs' specified - skipping industry chart download
2025-07-16 10:03:43 [INFO] Downloads folder already clean (no CSV files)
2025-07-16 10:03:51 [INFO] Modify search button clicked
2025-07-16 10:03:51 [INFO] Next iteration update complete
2025-07-16 10:03:51 [INFO] Completed task for All from 2016-06-01 to 2016-06-30
2025-07-16 10:03:51 [INFO] Task status updated to 1 for All/Tariffs 2016-06-01-2016-06-30
2025-07-16 10:03:51 [INFO] ✅ Task marked as completed for All/Tariffs
2025-07-16 10:03:51 [INFO] ✅ Task 6/1159 completed
2025-07-16 10:03:51 [INFO] Running task for industry: All and subfocus: Supply Chain, from 2016-06-01 to 2016-06-30
2025-07-16 10:03:51 [INFO] Task 7/1159: All/Supply Chain 2016-06-01-2016-06-30
2025-07-16 10:03:51 [INFO] Starting scraper task for All from 2016-06-01 to 2016-06-30
2025-07-16 10:03:51 [INFO] Next iteration: updating parameters
2025-07-16 10:03:51 [INFO] Setting date range: 2016-06-01 to 2016-06-30
2025-07-16 10:03:52 [INFO] Date range fields updated
2025-07-16 10:03:52 [INFO] Industry unchanged: All
2025-07-16 10:03:52 [INFO] Subfocus changed from Tariffs to Supply Chain
2025-07-16 10:03:52 [INFO] Current search text: rst=topuk AND la=en AND re=UK AND ns=gtrade
2025-07-16 10:03:52 [INFO] Set subfocus filter for: Supply Chain (ns=cscm)
2025-07-16 10:03:52 [INFO] Set search text to: rst=topuk AND la=en AND re=UK AND ns=cscm
2025-07-16 10:04:04 [INFO] Search button clicked
2025-07-16 10:04:04 [INFO] Results found: 9
2025-07-16 10:04:08 [INFO] Results saved to /Users/federicopessina/Library/CloudStorage/Dropbox/Work/UCL PhD/Research/Firm_Attention/2. Data/monthly/factiva_results/All/Supply Chain/2016-06-01_to_2016-06-30.csv
2025-07-16 10:04:08 [INFO] Found 9 results - CSV saved, proceeding with charts
2025-07-16 10:04:15 [INFO] Subfocus 'Supply Chain' specified - skipping industry chart download
2025-07-16 10:04:15 [INFO] Downloads folder already clean (no CSV files)
2025-07-16 10:04:23 [INFO] Modify search button clicked
2025-07-16 10:04:23 [INFO] Next iteration update complete
2025-07-16 10:04:23 [INFO] Completed task for All from 2016-06-01 to 2016-06-30
2025-07-16 10:04:23 [INFO] Task status updated to 1 for All/Supply Chain 2016-06-01-2016-06-30
2025-07-16 10:04:23 [INFO] ✅ Task marked as completed for All/Supply Chain
2025-07-16 10:04:23 [INFO] ✅ Task 7/1159 completed
2025-07-16 10:04:23 [INFO] Running task for industry: All and subfocus: None, from 2016-07-01 to 2016-07-31
2025-07-16 10:04:23 [INFO] Task 8/1159: All/None 2016-07-01-2016-07-31
2025-07-16 10:04:23 [INFO] Starting scraper task for All from 2016-07-01 to 2016-07-31
2025-07-16 10:04:23 [INFO] Next iteration: updating parameters
2025-07-16 10:04:23 [INFO] Setting date range: 2016-07-01 to 2016-07-31
2025-07-16 10:04:23 [INFO] Date range fields updated
2025-07-16 10:04:23 [INFO] Industry unchanged: All
2025-07-16 10:04:23 [INFO] Subfocus changed from Supply Chain to None
2025-07-16 10:04:23 [INFO] Reverting to broad subject categories
2025-07-16 10:04:23 [INFO] Current search text: rst=topuk AND la=en AND re=UK AND ns=cscm
2025-07-16 10:04:23 [INFO] Set search text to: rst=topuk AND la=en AND re=UK AND (ns=ccat OR ns=ecat OR ns=mcat)
2025-07-16 10:04:35 [INFO] Search button clicked
2025-07-16 10:04:36 [INFO] Results found: 9963
2025-07-16 10:04:40 [INFO] Results saved to /Users/federicopessina/Library/CloudStorage/Dropbox/Work/UCL PhD/Research/Firm_Attention/2. Data/monthly/factiva_results/All/no_subfocus/2016-07-01_to_2016-07-31.csv
2025-07-16 10:04:40 [INFO] Found 9963 results - CSV saved, proceeding with charts
2025-07-16 10:04:49 [INFO] Downloads folder already clean (no CSV files)
2025-07-16 10:04:57 [INFO] Modify search button clicked
2025-07-16 10:04:57 [INFO] Next iteration update complete
2025-07-16 10:04:57 [INFO] Completed task for All from 2016-07-01 to 2016-07-31
2025-07-16 10:04:57 [INFO] Task status updated to 1 for All/None 2016-07-01-2016-07-31
2025-07-16 10:04:57 [INFO] ✅ Task marked as completed for All/None
2025-07-16 10:04:57 [INFO] ✅ Task 8/1159 completed
2025-07-16 10:04:57 [INFO] Running task for industry: All and subfocus: Tariffs, from 2016-07-01 to 2016-07-31
2025-07-16 10:04:57 [INFO] Task 9/1159: All/Tariffs 2016-07-01-2016-07-31
2025-07-16 10:04:57 [INFO] Starting scraper task for All from 2016-07-01 to 2016-07-31
2025-07-16 10:04:57 [INFO] Next iteration: updating parameters
2025-07-16 10:04:57 [INFO] Setting date range: 2016-07-01 to 2016-07-31
2025-07-16 10:04:58 [INFO] Date range fields updated
2025-07-16 10:04:58 [INFO] Industry unchanged: All
2025-07-16 10:04:58 [INFO] Subfocus changed from None to Tariffs
2025-07-16 10:04:58 [INFO] Current search text: rst=topuk AND la=en AND re=UK AND (ns=ccat OR ns=ecat OR ns=mcat)
2025-07-16 10:04:58 [INFO] Set subfocus filter for: Tariffs (ns=gtrade)
2025-07-16 10:04:58 [INFO] Set search text to: rst=topuk AND la=en AND re=UK AND ns=gtrade
2025-07-16 10:05:10 [INFO] Search button clicked
2025-07-16 10:05:10 [INFO] Results found: 57
2025-07-16 10:05:14 [INFO] Results saved to /Users/federicopessina/Library/CloudStorage/Dropbox/Work/UCL PhD/Research/Firm_Attention/2. Data/monthly/factiva_results/All/Tariffs/2016-07-01_to_2016-07-31.csv
2025-07-16 10:05:14 [INFO] Found 57 results - CSV saved, proceeding with charts
2025-07-16 10:05:20 [INFO] Subfocus 'Tariffs' specified - skipping industry chart download
2025-07-16 10:05:20 [INFO] Downloads folder already clean (no CSV files)
2025-07-16 10:05:28 [INFO] Modify search button clicked
2025-07-16 10:05:28 [INFO] Next iteration update complete
2025-07-16 10:05:28 [INFO] Completed task for All from 2016-07-01 to 2016-07-31
2025-07-16 10:05:28 [INFO] Task status updated to 1 for All/Tariffs 2016-07-01-2016-07-31
2025-07-16 10:05:28 [INFO] ✅ Task marked as completed for All/Tariffs
2025-07-16 10:05:28 [INFO] ✅ Task 9/1159 completed
2025-07-16 10:05:28 [INFO] Running task for industry: All and subfocus: Supply Chain, from 2016-07-01 to 2016-07-31
2025-07-16 10:05:28 [INFO] Task 10/1159: All/Supply Chain 2016-07-01-2016-07-31
2025-07-16 10:05:28 [INFO] Starting scraper task for All from 2016-07-01 to 2016-07-31
2025-07-16 10:05:28 [INFO] Next iteration: updating parameters
2025-07-16 10:05:28 [INFO] Setting date range: 2016-07-01 to 2016-07-31
2025-07-16 10:05:29 [INFO] Date range fields updated
2025-07-16 10:05:29 [INFO] Industry unchanged: All
2025-07-16 10:05:29 [INFO] Subfocus changed from Tariffs to Supply Chain
2025-07-16 10:05:29 [INFO] Current search text: rst=topuk AND la=en AND re=UK AND ns=gtrade
2025-07-16 10:05:29 [INFO] Set subfocus filter for: Supply Chain (ns=cscm)
2025-07-16 10:05:29 [INFO] Set search text to: rst=topuk AND la=en AND re=UK AND ns=cscm
2025-07-16 10:05:41 [INFO] Search button clicked
2025-07-16 10:05:41 [INFO] Results found: 2
2025-07-16 10:05:45 [INFO] Results saved to /Users/federicopessina/Library/CloudStorage/Dropbox/Work/UCL PhD/Research/Firm_Attention/2. Data/monthly/factiva_results/All/Supply Chain/2016-07-01_to_2016-07-31.csv
2025-07-16 10:05:45 [INFO] Found 2 results - CSV saved, proceeding with charts
2025-07-16 10:05:45 [INFO] Downloads folder already clean (no CSV files)
2025-07-16 10:05:53 [INFO] Modify search button clicked
2025-07-16 10:05:53 [INFO] Next iteration update complete
2025-07-16 10:05:53 [INFO] Completed task for All from 2016-07-01 to 2016-07-31
2025-07-16 10:05:53 [INFO] Task status updated to 1 for All/Supply Chain 2016-07-01-2016-07-31
2025-07-16 10:05:53 [INFO] ✅ Task marked as completed for All/Supply Chain
2025-07-16 10:05:53 [INFO] ✅ Task 10/1159 completed
2025-07-16 10:05:53 [INFO] Running task for industry: All and subfocus: None, from 2016-08-01 to 2016-08-31
2025-07-16 10:05:53 [INFO] Task 11/1159: All/None 2016-08-01-2016-08-31
2025-07-16 10:05:53 [INFO] Starting scraper task for All from 2016-08-01 to 2016-08-31
2025-07-16 10:05:53 [INFO] Next iteration: updating parameters
2025-07-16 10:05:53 [INFO] Setting date range: 2016-08-01 to 2016-08-31
2025-07-16 10:05:54 [INFO] Date range fields updated
2025-07-16 10:05:54 [INFO] Industry unchanged: All
2025-07-16 10:05:54 [INFO] Subfocus changed from Supply Chain to None
2025-07-16 10:05:54 [INFO] Reverting to broad subject categories
2025-07-16 10:05:54 [INFO] Current search text: rst=topuk AND la=en AND re=UK AND ns=cscm
2025-07-16 10:05:54 [INFO] Set search text to: rst=topuk AND la=en AND re=UK AND (ns=ccat OR ns=ecat OR ns=mcat)
2025-07-16 10:06:06 [INFO] Search button clicked
2025-07-16 10:06:06 [INFO] Results found: 9025
2025-07-16 10:06:10 [INFO] Results saved to /Users/federicopessina/Library/CloudStorage/Dropbox/Work/UCL PhD/Research/Firm_Attention/2. Data/monthly/factiva_results/All/no_subfocus/2016-08-01_to_2016-08-31.csv
2025-07-16 10:06:10 [INFO] Found 9025 results - CSV saved, proceeding with charts
2025-07-16 10:06:19 [INFO] Downloads folder already clean (no CSV files)
2025-07-16 10:06:27 [INFO] Modify search button clicked
2025-07-16 10:06:27 [INFO] Next iteration update complete
2025-07-16 10:06:27 [INFO] Completed task for All from 2016-08-01 to 2016-08-31
2025-07-16 10:06:27 [INFO] Task status updated to 1 for All/None 2016-08-01-2016-08-31
2025-07-16 10:06:27 [INFO] ✅ Task marked as completed for All/None
2025-07-16 10:06:27 [INFO] ✅ Task 11/1159 completed
2025-07-16 10:06:27 [INFO] Running task for industry: All and subfocus: Tariffs, from 2016-08-01 to 2016-08-31
2025-07-16 10:06:27 [INFO] Task 12/1159: All/Tariffs 2016-08-01-2016-08-31
2025-07-16 10:06:27 [INFO] Starting scraper task for All from 2016-08-01 to 2016-08-31
2025-07-16 10:06:27 [INFO] Next iteration: updating parameters
2025-07-16 10:06:27 [INFO] Setting date range: 2016-08-01 to 2016-08-31
2025-07-16 10:06:28 [INFO] Date range fields updated
2025-07-16 10:06:28 [INFO] Industry unchanged: All
2025-07-16 10:06:28 [INFO] Subfocus changed from None to Tariffs
2025-07-16 10:06:28 [INFO] Current search text: rst=topuk AND la=en AND re=UK AND (ns=ccat OR ns=ecat OR ns=mcat)
2025-07-16 10:06:28 [INFO] Set subfocus filter for: Tariffs (ns=gtrade)
2025-07-16 10:06:28 [INFO] Set search text to: rst=topuk AND la=en AND re=UK AND ns=gtrade
2025-07-16 10:06:40 [INFO] Search button clicked
2025-07-16 10:06:40 [INFO] Results found: 49
2025-07-16 10:06:44 [INFO] Results saved to /Users/federicopessina/Library/CloudStorage/Dropbox/Work/UCL PhD/Research/Firm_Attention/2. Data/monthly/factiva_results/All/Tariffs/2016-08-01_to_2016-08-31.csv
2025-07-16 10:06:44 [INFO] Found 49 results - CSV saved, proceeding with charts
2025-07-16 10:06:52 [INFO] Subfocus 'Tariffs' specified - skipping industry chart download
2025-07-16 10:06:52 [INFO] Downloads folder already clean (no CSV files)
2025-07-16 10:07:00 [INFO] Modify search button clicked
2025-07-16 10:07:00 [INFO] Next iteration update complete
2025-07-16 10:07:00 [INFO] Completed task for All from 2016-08-01 to 2016-08-31
2025-07-16 10:07:00 [INFO] Task status updated to 1 for All/Tariffs 2016-08-01-2016-08-31
2025-07-16 10:07:00 [INFO] ✅ Task marked as completed for All/Tariffs
2025-07-16 10:07:00 [INFO] ✅ Task 12/1159 completed
2025-07-16 10:07:00 [INFO] Running task for industry: All and subfocus: Supply Chain, from 2016-08-01 to 2016-08-31
2025-07-16 10:07:00 [INFO] Task 13/1159: All/Supply Chain 2016-08-01-2016-08-31
2025-07-16 10:07:00 [INFO] Starting scraper task for All from 2016-08-01 to 2016-08-31
2025-07-16 10:07:00 [INFO] Next iteration: updating parameters
2025-07-16 10:07:00 [INFO] Setting date range: 2016-08-01 to 2016-08-31
2025-07-16 10:07:01 [INFO] Date range fields updated
2025-07-16 10:07:01 [INFO] Industry unchanged: All
2025-07-16 10:07:01 [INFO] Subfocus changed from Tariffs to Supply Chain
2025-07-16 10:07:01 [INFO] Current search text: rst=topuk AND la=en AND re=UK AND ns=gtrade
2025-07-16 10:07:01 [INFO] Set subfocus filter for: Supply Chain (ns=cscm)
2025-07-16 10:07:01 [INFO] Set search text to: rst=topuk AND la=en AND re=UK AND ns=cscm
2025-07-16 10:07:13 [INFO] Search button clicked
2025-07-16 10:07:13 [INFO] Results found: 2
2025-07-16 10:07:17 [INFO] Results saved to /Users/federicopessina/Library/CloudStorage/Dropbox/Work/UCL PhD/Research/Firm_Attention/2. Data/monthly/factiva_results/All/Supply Chain/2016-08-01_to_2016-08-31.csv
2025-07-16 10:07:17 [INFO] Found 2 results - CSV saved, proceeding with charts
2025-07-16 10:07:17 [INFO] Downloads folder already clean (no CSV files)
2025-07-16 10:07:25 [INFO] Modify search button clicked
2025-07-16 10:07:25 [INFO] Next iteration update complete
2025-07-16 10:07:25 [INFO] Completed task for All from 2016-08-01 to 2016-08-31
2025-07-16 10:07:25 [INFO] Task status updated to 1 for All/Supply Chain 2016-08-01-2016-08-31
2025-07-16 10:07:25 [INFO] ✅ Task marked as completed for All/Supply Chain
2025-07-16 10:07:25 [INFO] ✅ Task 13/1159 completed
2025-07-16 10:07:25 [INFO] Running task for industry: All and subfocus: None, from 2016-09-01 to 2016-09-30
2025-07-16 10:07:25 [INFO] Task 14/1159: All/None 2016-09-01-2016-09-30
2025-07-16 10:07:25 [INFO] Starting scraper task for All from 2016-09-01 to 2016-09-30
2025-07-16 10:07:25 [INFO] Next iteration: updating parameters
2025-07-16 10:07:25 [INFO] Setting date range: 2016-09-01 to 2016-09-30
2025-07-16 10:07:26 [INFO] Date range fields updated
2025-07-16 10:07:26 [INFO] Industry unchanged: All
2025-07-16 10:07:26 [INFO] Subfocus changed from Supply Chain to None
2025-07-16 10:07:26 [INFO] Reverting to broad subject categories
2025-07-16 10:07:26 [INFO] Current search text: rst=topuk AND la=en AND re=UK AND ns=cscm
2025-07-16 10:07:26 [INFO] Set search text to: rst=topuk AND la=en AND re=UK AND (ns=ccat OR ns=ecat OR ns=mcat)
2025-07-16 10:07:38 [INFO] Search button clicked
2025-07-16 10:07:38 [INFO] Results found: 9447
2025-07-16 10:07:42 [INFO] Results saved to /Users/federicopessina/Library/CloudStorage/Dropbox/Work/UCL PhD/Research/Firm_Attention/2. Data/monthly/factiva_results/All/no_subfocus/2016-09-01_to_2016-09-30.csv
2025-07-16 10:07:42 [INFO] Found 9447 results - CSV saved, proceeding with charts
2025-07-16 10:07:51 [INFO] Downloads folder already clean (no CSV files)
2025-07-16 10:07:59 [INFO] Modify search button clicked
2025-07-16 10:07:59 [INFO] Next iteration update complete
2025-07-16 10:07:59 [INFO] Completed task for All from 2016-09-01 to 2016-09-30
2025-07-16 10:07:59 [INFO] Task status updated to 1 for All/None 2016-09-01-2016-09-30
2025-07-16 10:07:59 [INFO] ✅ Task marked as completed for All/None
2025-07-16 10:07:59 [INFO] ✅ Task 14/1159 completed
2025-07-16 10:07:59 [INFO] Running task for industry: All and subfocus: Tariffs, from 2016-09-01 to 2016-09-30
2025-07-16 10:07:59 [INFO] Task 15/1159: All/Tariffs 2016-09-01-2016-09-30
2025-07-16 10:07:59 [INFO] Starting scraper task for All from 2016-09-01 to 2016-09-30
2025-07-16 10:07:59 [INFO] Next iteration: updating parameters
2025-07-16 10:07:59 [INFO] Setting date range: 2016-09-01 to 2016-09-30
2025-07-16 10:08:00 [INFO] Date range fields updated
2025-07-16 10:08:00 [INFO] Industry unchanged: All
2025-07-16 10:08:00 [INFO] Subfocus changed from None to Tariffs
2025-07-16 10:08:00 [INFO] Current search text: rst=topuk AND la=en AND re=UK AND (ns=ccat OR ns=ecat OR ns=mcat)
2025-07-16 10:08:00 [INFO] Set subfocus filter for: Tariffs (ns=gtrade)
2025-07-16 10:08:00 [INFO] Set search text to: rst=topuk AND la=en AND re=UK AND ns=gtrade
2025-07-16 10:08:12 [INFO] Search button clicked
2025-07-16 10:08:12 [INFO] Results found: 118
2025-07-16 10:08:16 [INFO] Results saved to /Users/federicopessina/Library/CloudStorage/Dropbox/Work/UCL PhD/Research/Firm_Attention/2. Data/monthly/factiva_results/All/Tariffs/2016-09-01_to_2016-09-30.csv
2025-07-16 10:08:16 [INFO] Found 118 results - CSV saved, proceeding with charts
2025-07-16 10:08:22 [INFO] Subfocus 'Tariffs' specified - skipping industry chart download
2025-07-16 10:08:22 [INFO] Downloads folder already clean (no CSV files)
2025-07-16 10:08:30 [INFO] Modify search button clicked
2025-07-16 10:08:30 [INFO] Next iteration update complete
2025-07-16 10:08:30 [INFO] Completed task for All from 2016-09-01 to 2016-09-30
2025-07-16 10:08:30 [INFO] Task status updated to 1 for All/Tariffs 2016-09-01-2016-09-30
2025-07-16 10:08:30 [INFO] ✅ Task marked as completed for All/Tariffs
2025-07-16 10:08:30 [INFO] ✅ Task 15/1159 completed
2025-07-16 10:08:30 [INFO] Running task for industry: All and subfocus: Supply Chain, from 2016-09-01 to 2016-09-30
2025-07-16 10:08:30 [INFO] Task 16/1159: All/Supply Chain 2016-09-01-2016-09-30
2025-07-16 10:08:30 [INFO] Starting scraper task for All from 2016-09-01 to 2016-09-30
2025-07-16 10:08:30 [INFO] Next iteration: updating parameters
2025-07-16 10:08:30 [INFO] Setting date range: 2016-09-01 to 2016-09-30
2025-07-16 10:08:31 [INFO] Date range fields updated
2025-07-16 10:08:31 [INFO] Industry unchanged: All
2025-07-16 10:08:31 [INFO] Subfocus changed from Tariffs to Supply Chain
2025-07-16 10:08:31 [INFO] Current search text: rst=topuk AND la=en AND re=UK AND ns=gtrade
2025-07-16 10:08:31 [INFO] Set subfocus filter for: Supply Chain (ns=cscm)
2025-07-16 10:08:31 [INFO] Set search text to: rst=topuk AND la=en AND re=UK AND ns=cscm
2025-07-16 10:08:43 [INFO] Search button clicked
2025-07-16 10:08:43 [INFO] Results found: 0
2025-07-16 10:08:47 [INFO] Results saved to /Users/federicopessina/Library/CloudStorage/Dropbox/Work/UCL PhD/Research/Firm_Attention/2. Data/monthly/factiva_results/All/Supply Chain/2016-09-01_to_2016-09-30.csv
2025-07-16 10:08:47 [INFO] No results found - CSV saved but skipping chart downloads
2025-07-16 10:08:47 [INFO] Downloads folder already clean (no CSV files)
2025-07-16 10:08:55 [INFO] Modify search button clicked
2025-07-16 10:08:55 [INFO] Next iteration update complete
2025-07-16 10:08:55 [INFO] Completed task for All from 2016-09-01 to 2016-09-30
2025-07-16 10:08:55 [INFO] Task status updated to 1 for All/Supply Chain 2016-09-01-2016-09-30
2025-07-16 10:08:55 [INFO] ✅ Task marked as completed for All/Supply Chain
2025-07-16 10:08:55 [INFO] ✅ Task 16/1159 completed
2025-07-16 10:08:55 [INFO] Running task for industry: All and subfocus: None, from 2016-10-01 to 2016-10-31
2025-07-16 10:08:55 [INFO] Task 17/1159: All/None 2016-10-01-2016-10-31
2025-07-16 10:08:55 [INFO] Starting scraper task for All from 2016-10-01 to 2016-10-31
2025-07-16 10:08:55 [INFO] Next iteration: updating parameters
2025-07-16 10:08:55 [INFO] Setting date range: 2016-10-01 to 2016-10-31
2025-07-16 10:08:56 [INFO] Date range fields updated
2025-07-16 10:08:56 [INFO] Industry unchanged: All
2025-07-16 10:08:56 [INFO] Subfocus changed from Supply Chain to None
2025-07-16 10:08:56 [INFO] Reverting to broad subject categories
2025-07-16 10:08:56 [INFO] Current search text: rst=topuk AND la=en AND re=UK AND ns=cscm
2025-07-16 10:08:56 [INFO] Set search text to: rst=topuk AND la=en AND re=UK AND (ns=ccat OR ns=ecat OR ns=mcat)
2025-07-16 10:09:08 [INFO] Search button clicked
2025-07-16 10:09:08 [INFO] Results found: 10285
2025-07-16 10:09:12 [INFO] Results saved to /Users/federicopessina/Library/CloudStorage/Dropbox/Work/UCL PhD/Research/Firm_Attention/2. Data/monthly/factiva_results/All/no_subfocus/2016-10-01_to_2016-10-31.csv
2025-07-16 10:09:12 [INFO] Found 10285 results - CSV saved, proceeding with charts
2025-07-16 10:09:22 [INFO] Downloads folder already clean (no CSV files)
2025-07-16 10:09:30 [INFO] Modify search button clicked
2025-07-16 10:09:30 [INFO] Next iteration update complete
2025-07-16 10:09:30 [INFO] Completed task for All from 2016-10-01 to 2016-10-31
2025-07-16 10:09:30 [INFO] Task status updated to 1 for All/None 2016-10-01-2016-10-31
2025-07-16 10:09:30 [INFO] ✅ Task marked as completed for All/None
2025-07-16 10:09:30 [INFO] ✅ Task 17/1159 completed
2025-07-16 10:09:30 [INFO] Running task for industry: All and subfocus: Tariffs, from 2016-10-01 to 2016-10-31
2025-07-16 10:09:30 [INFO] Task 18/1159: All/Tariffs 2016-10-01-2016-10-31
2025-07-16 10:09:30 [INFO] Starting scraper task for All from 2016-10-01 to 2016-10-31
2025-07-16 10:09:30 [INFO] Next iteration: updating parameters
2025-07-16 10:09:30 [INFO] Setting date range: 2016-10-01 to 2016-10-31
2025-07-16 10:09:31 [INFO] Date range fields updated
2025-07-16 10:09:31 [INFO] Industry unchanged: All
2025-07-16 10:09:31 [INFO] Subfocus changed from None to Tariffs
2025-07-16 10:09:31 [INFO] Current search text: rst=topuk AND la=en AND re=UK AND (ns=ccat OR ns=ecat OR ns=mcat)
2025-07-16 10:09:31 [INFO] Set subfocus filter for: Tariffs (ns=gtrade)
2025-07-16 10:09:31 [INFO] Set search text to: rst=topuk AND la=en AND re=UK AND ns=gtrade
2025-07-16 10:09:43 [INFO] Search button clicked
2025-07-16 10:09:43 [INFO] Results found: 206
2025-07-16 10:09:47 [INFO] Results saved to /Users/federicopessina/Library/CloudStorage/Dropbox/Work/UCL PhD/Research/Firm_Attention/2. Data/monthly/factiva_results/All/Tariffs/2016-10-01_to_2016-10-31.csv
2025-07-16 10:09:47 [INFO] Found 206 results - CSV saved, proceeding with charts
2025-07-16 10:09:54 [INFO] Subfocus 'Tariffs' specified - skipping industry chart download
2025-07-16 10:09:54 [INFO] Downloads folder already clean (no CSV files)
2025-07-16 10:10:02 [INFO] Modify search button clicked
2025-07-16 10:10:02 [INFO] Next iteration update complete
2025-07-16 10:10:02 [INFO] Completed task for All from 2016-10-01 to 2016-10-31
2025-07-16 10:10:02 [INFO] Task status updated to 1 for All/Tariffs 2016-10-01-2016-10-31
2025-07-16 10:10:02 [INFO] ✅ Task marked as completed for All/Tariffs
2025-07-16 10:10:02 [INFO] ✅ Task 18/1159 completed
2025-07-16 10:10:02 [INFO] Running task for industry: All and subfocus: Supply Chain, from 2016-10-01 to 2016-10-31
2025-07-16 10:10:02 [INFO] Task 19/1159: All/Supply Chain 2016-10-01-2016-10-31
2025-07-16 10:10:02 [INFO] Starting scraper task for All from 2016-10-01 to 2016-10-31
2025-07-16 10:10:02 [INFO] Next iteration: updating parameters
2025-07-16 10:10:02 [INFO] Setting date range: 2016-10-01 to 2016-10-31
2025-07-16 10:10:03 [INFO] Date range fields updated
2025-07-16 10:10:03 [INFO] Industry unchanged: All
2025-07-16 10:10:03 [INFO] Subfocus changed from Tariffs to Supply Chain
2025-07-16 10:10:03 [INFO] Current search text: rst=topuk AND la=en AND re=UK AND ns=gtrade
2025-07-16 10:10:03 [INFO] Set subfocus filter for: Supply Chain (ns=cscm)
2025-07-16 10:10:03 [INFO] Set search text to: rst=topuk AND la=en AND re=UK AND ns=cscm
2025-07-16 10:10:15 [INFO] Search button clicked
2025-07-16 10:10:15 [INFO] Results found: 8
2025-07-16 10:10:19 [INFO] Results saved to /Users/federicopessina/Library/CloudStorage/Dropbox/Work/UCL PhD/Research/Firm_Attention/2. Data/monthly/factiva_results/All/Supply Chain/2016-10-01_to_2016-10-31.csv
2025-07-16 10:10:19 [INFO] Found 8 results - CSV saved, proceeding with charts
2025-07-16 10:10:25 [INFO] Subfocus 'Supply Chain' specified - skipping industry chart download
2025-07-16 10:10:25 [INFO] Downloads folder already clean (no CSV files)
2025-07-16 10:10:33 [INFO] Modify search button clicked
2025-07-16 10:10:33 [INFO] Next iteration update complete
2025-07-16 10:10:33 [INFO] Completed task for All from 2016-10-01 to 2016-10-31
2025-07-16 10:10:33 [INFO] Task status updated to 1 for All/Supply Chain 2016-10-01-2016-10-31
2025-07-16 10:10:33 [INFO] ✅ Task marked as completed for All/Supply Chain
2025-07-16 10:10:33 [INFO] ✅ Task 19/1159 completed
2025-07-16 10:10:33 [INFO] Running task for industry: All and subfocus: None, from 2016-11-01 to 2016-11-30
2025-07-16 10:10:33 [INFO] Task 20/1159: All/None 2016-11-01-2016-11-30
2025-07-16 10:10:33 [INFO] Starting scraper task for All from 2016-11-01 to 2016-11-30
2025-07-16 10:10:33 [INFO] Next iteration: updating parameters
2025-07-16 10:10:33 [INFO] Setting date range: 2016-11-01 to 2016-11-30
2025-07-16 10:10:34 [INFO] Date range fields updated
2025-07-16 10:10:34 [INFO] Industry unchanged: All
2025-07-16 10:10:34 [INFO] Subfocus changed from Supply Chain to None
2025-07-16 10:10:34 [INFO] Reverting to broad subject categories
2025-07-16 10:10:34 [INFO] Current search text: rst=topuk AND la=en AND re=UK AND ns=cscm
2025-07-16 10:10:34 [INFO] Set search text to: rst=topuk AND la=en AND re=UK AND (ns=ccat OR ns=ecat OR ns=mcat)
2025-07-16 10:10:46 [INFO] Search button clicked
2025-07-16 10:10:46 [INFO] Results found: 9513
2025-07-16 10:10:50 [INFO] Results saved to /Users/federicopessina/Library/CloudStorage/Dropbox/Work/UCL PhD/Research/Firm_Attention/2. Data/monthly/factiva_results/All/no_subfocus/2016-11-01_to_2016-11-30.csv
2025-07-16 10:10:50 [INFO] Found 9513 results - CSV saved, proceeding with charts
2025-07-16 10:11:00 [INFO] Downloads folder already clean (no CSV files)
2025-07-16 10:11:08 [INFO] Modify search button clicked
2025-07-16 10:11:08 [INFO] Next iteration update complete
2025-07-16 10:11:08 [INFO] Completed task for All from 2016-11-01 to 2016-11-30
2025-07-16 10:11:08 [INFO] Task status updated to 1 for All/None 2016-11-01-2016-11-30
2025-07-16 10:11:08 [INFO] ✅ Task marked as completed for All/None
2025-07-16 10:11:08 [INFO] ✅ Task 20/1159 completed
2025-07-16 10:11:08 [INFO] Running task for industry: All and subfocus: Tariffs, from 2016-11-01 to 2016-11-30
2025-07-16 10:11:08 [INFO] Task 21/1159: All/Tariffs 2016-11-01-2016-11-30
2025-07-16 10:11:08 [INFO] Starting scraper task for All from 2016-11-01 to 2016-11-30
2025-07-16 10:11:08 [INFO] Next iteration: updating parameters
2025-07-16 10:11:08 [INFO] Setting date range: 2016-11-01 to 2016-11-30
2025-07-16 10:11:09 [INFO] Date range fields updated
2025-07-16 10:11:09 [INFO] Industry unchanged: All
2025-07-16 10:11:09 [INFO] Subfocus changed from None to Tariffs
2025-07-16 10:11:09 [INFO] Current search text: rst=topuk AND la=en AND re=UK AND (ns=ccat OR ns=ecat OR ns=mcat)
2025-07-16 10:11:09 [INFO] Set subfocus filter for: Tariffs (ns=gtrade)
2025-07-16 10:11:09 [INFO] Set search text to: rst=topuk AND la=en AND re=UK AND ns=gtrade
2025-07-16 10:11:21 [INFO] Search button clicked
2025-07-16 10:11:21 [INFO] Results found: 111
2025-07-16 10:11:25 [INFO] Results saved to /Users/federicopessina/Library/CloudStorage/Dropbox/Work/UCL PhD/Research/Firm_Attention/2. Data/monthly/factiva_results/All/Tariffs/2016-11-01_to_2016-11-30.csv
2025-07-16 10:11:25 [INFO] Found 111 results - CSV saved, proceeding with charts
2025-07-16 10:11:31 [INFO] Subfocus 'Tariffs' specified - skipping industry chart download
2025-07-16 10:11:31 [INFO] Downloads folder already clean (no CSV files)
2025-07-16 10:11:39 [INFO] Modify search button clicked
2025-07-16 10:11:39 [INFO] Next iteration update complete
2025-07-16 10:11:39 [INFO] Completed task for All from 2016-11-01 to 2016-11-30
2025-07-16 10:11:39 [INFO] Task status updated to 1 for All/Tariffs 2016-11-01-2016-11-30
2025-07-16 10:11:39 [INFO] ✅ Task marked as completed for All/Tariffs
2025-07-16 10:11:39 [INFO] ✅ Task 21/1159 completed
2025-07-16 10:11:39 [INFO] Running task for industry: All and subfocus: Supply Chain, from 2016-11-01 to 2016-11-30
2025-07-16 10:11:39 [INFO] Task 22/1159: All/Supply Chain 2016-11-01-2016-11-30
2025-07-16 10:11:39 [INFO] Starting scraper task for All from 2016-11-01 to 2016-11-30
2025-07-16 10:11:39 [INFO] Next iteration: updating parameters
2025-07-16 10:11:39 [INFO] Setting date range: 2016-11-01 to 2016-11-30
2025-07-16 10:11:40 [INFO] Date range fields updated
2025-07-16 10:11:40 [INFO] Industry unchanged: All
2025-07-16 10:11:40 [INFO] Subfocus changed from Tariffs to Supply Chain
2025-07-16 10:11:40 [INFO] Current search text: rst=topuk AND la=en AND re=UK AND ns=gtrade
2025-07-16 10:11:40 [INFO] Set subfocus filter for: Supply Chain (ns=cscm)
2025-07-16 10:11:40 [INFO] Set search text to: rst=topuk AND la=en AND re=UK AND ns=cscm
2025-07-16 10:11:52 [INFO] Search button clicked
2025-07-16 10:11:52 [INFO] Results found: 11
2025-07-16 10:11:56 [INFO] Results saved to /Users/federicopessina/Library/CloudStorage/Dropbox/Work/UCL PhD/Research/Firm_Attention/2. Data/monthly/factiva_results/All/Supply Chain/2016-11-01_to_2016-11-30.csv
2025-07-16 10:11:56 [INFO] Found 11 results - CSV saved, proceeding with charts
2025-07-16 10:12:02 [INFO] Subfocus 'Supply Chain' specified - skipping industry chart download
2025-07-16 10:12:02 [INFO] Downloads folder already clean (no CSV files)
2025-07-16 10:12:10 [INFO] Modify search button clicked
2025-07-16 10:12:10 [INFO] Next iteration update complete
2025-07-16 10:12:10 [INFO] Completed task for All from 2016-11-01 to 2016-11-30
2025-07-16 10:12:10 [INFO] Task status updated to 1 for All/Supply Chain 2016-11-01-2016-11-30
2025-07-16 10:12:10 [INFO] ✅ Task marked as completed for All/Supply Chain
2025-07-16 10:12:10 [INFO] ✅ Task 22/1159 completed
2025-07-16 10:12:10 [INFO] Running task for industry: All and subfocus: None, from 2016-12-01 to 2016-12-31
2025-07-16 10:12:10 [INFO] Task 23/1159: All/None 2016-12-01-2016-12-31
2025-07-16 10:12:10 [INFO] Starting scraper task for All from 2016-12-01 to 2016-12-31
2025-07-16 10:12:10 [INFO] Next iteration: updating parameters
2025-07-16 10:12:10 [INFO] Setting date range: 2016-12-01 to 2016-12-31
2025-07-16 10:12:11 [INFO] Date range fields updated
2025-07-16 10:12:11 [INFO] Industry unchanged: All
2025-07-16 10:12:11 [INFO] Subfocus changed from Supply Chain to None
2025-07-16 10:12:11 [INFO] Reverting to broad subject categories
2025-07-16 10:12:11 [INFO] Current search text: rst=topuk AND la=en AND re=UK AND ns=cscm
2025-07-16 10:12:11 [INFO] Set search text to: rst=topuk AND la=en AND re=UK AND (ns=ccat OR ns=ecat OR ns=mcat)
2025-07-16 10:12:23 [INFO] Search button clicked
2025-07-16 10:12:23 [INFO] Results found: 8626
2025-07-16 10:12:27 [INFO] Results saved to /Users/federicopessina/Library/CloudStorage/Dropbox/Work/UCL PhD/Research/Firm_Attention/2. Data/monthly/factiva_results/All/no_subfocus/2016-12-01_to_2016-12-31.csv
2025-07-16 10:12:27 [INFO] Found 8626 results - CSV saved, proceeding with charts
2025-07-16 10:12:37 [INFO] Downloads folder already clean (no CSV files)
2025-07-16 10:12:45 [INFO] Modify search button clicked
2025-07-16 10:12:45 [INFO] Next iteration update complete
2025-07-16 10:12:45 [INFO] Completed task for All from 2016-12-01 to 2016-12-31
2025-07-16 10:12:45 [INFO] Task status updated to 1 for All/None 2016-12-01-2016-12-31
2025-07-16 10:12:45 [INFO] ✅ Task marked as completed for All/None
2025-07-16 10:12:45 [INFO] ✅ Task 23/1159 completed
2025-07-16 10:12:45 [INFO] Running task for industry: All and subfocus: Tariffs, from 2016-12-01 to 2016-12-31
2025-07-16 10:12:45 [INFO] Task 24/1159: All/Tariffs 2016-12-01-2016-12-31
2025-07-16 10:12:45 [INFO] Starting scraper task for All from 2016-12-01 to 2016-12-31
2025-07-16 10:12:45 [INFO] Next iteration: updating parameters
2025-07-16 10:12:45 [INFO] Setting date range: 2016-12-01 to 2016-12-31
2025-07-16 10:12:45 [INFO] Date range fields updated
2025-07-16 10:12:45 [INFO] Industry unchanged: All
2025-07-16 10:12:45 [INFO] Subfocus changed from None to Tariffs
2025-07-16 10:12:45 [INFO] Current search text: rst=topuk AND la=en AND re=UK AND (ns=ccat OR ns=ecat OR ns=mcat)
2025-07-16 10:12:45 [INFO] Set subfocus filter for: Tariffs (ns=gtrade)
2025-07-16 10:12:45 [INFO] Set search text to: rst=topuk AND la=en AND re=UK AND ns=gtrade
2025-07-16 10:12:57 [INFO] Search button clicked
2025-07-16 10:12:58 [INFO] Results found: 107
2025-07-16 10:13:02 [INFO] Results saved to /Users/federicopessina/Library/CloudStorage/Dropbox/Work/UCL PhD/Research/Firm_Attention/2. Data/monthly/factiva_results/All/Tariffs/2016-12-01_to_2016-12-31.csv
2025-07-16 10:13:02 [INFO] Found 107 results - CSV saved, proceeding with charts
2025-07-16 10:13:08 [INFO] Subfocus 'Tariffs' specified - skipping industry chart download
2025-07-16 10:13:08 [INFO] Downloads folder already clean (no CSV files)
2025-07-16 10:13:16 [INFO] Modify search button clicked
2025-07-16 10:13:16 [INFO] Next iteration update complete
2025-07-16 10:13:16 [INFO] Completed task for All from 2016-12-01 to 2016-12-31
2025-07-16 10:13:16 [INFO] Task status updated to 1 for All/Tariffs 2016-12-01-2016-12-31
2025-07-16 10:13:16 [INFO] ✅ Task marked as completed for All/Tariffs
2025-07-16 10:13:16 [INFO] ✅ Task 24/1159 completed
2025-07-16 10:13:16 [INFO] Running task for industry: All and subfocus: Supply Chain, from 2016-12-01 to 2016-12-31
2025-07-16 10:13:16 [INFO] Task 25/1159: All/Supply Chain 2016-12-01-2016-12-31
2025-07-16 10:13:16 [INFO] Starting scraper task for All from 2016-12-01 to 2016-12-31
2025-07-16 10:13:16 [INFO] Next iteration: updating parameters
2025-07-16 10:13:16 [INFO] Setting date range: 2016-12-01 to 2016-12-31
2025-07-16 10:13:16 [INFO] Date range fields updated
2025-07-16 10:13:16 [INFO] Industry unchanged: All
2025-07-16 10:13:16 [INFO] Subfocus changed from Tariffs to Supply Chain
2025-07-16 10:13:16 [INFO] Current search text: rst=topuk AND la=en AND re=UK AND ns=gtrade
2025-07-16 10:13:16 [INFO] Set subfocus filter for: Supply Chain (ns=cscm)
2025-07-16 10:13:16 [INFO] Set search text to: rst=topuk AND la=en AND re=UK AND ns=cscm
2025-07-16 10:13:28 [INFO] Search button clicked
2025-07-16 10:13:29 [INFO] Results found: 3
2025-07-16 10:13:33 [INFO] Results saved to /Users/federicopessina/Library/CloudStorage/Dropbox/Work/UCL PhD/Research/Firm_Attention/2. Data/monthly/factiva_results/All/Supply Chain/2016-12-01_to_2016-12-31.csv
2025-07-16 10:13:33 [INFO] Found 3 results - CSV saved, proceeding with charts
2025-07-16 10:13:39 [INFO] Subfocus 'Supply Chain' specified - skipping industry chart download
2025-07-16 10:13:39 [INFO] Downloads folder already clean (no CSV files)
2025-07-16 10:13:47 [INFO] Modify search button clicked
2025-07-16 10:13:47 [INFO] Next iteration update complete
2025-07-16 10:13:47 [INFO] Completed task for All from 2016-12-01 to 2016-12-31
2025-07-16 10:13:47 [INFO] Task status updated to 1 for All/Supply Chain 2016-12-01-2016-12-31
2025-07-16 10:13:47 [INFO] ✅ Task marked as completed for All/Supply Chain
2025-07-16 10:13:47 [INFO] ✅ Task 25/1159 completed
2025-07-16 10:13:47 [INFO] Running task for industry: All and subfocus: None, from 2017-01-01 to 2017-01-31
2025-07-16 10:13:47 [INFO] Task 26/1159: All/None 2017-01-01-2017-01-31
2025-07-16 10:13:47 [INFO] Starting scraper task for All from 2017-01-01 to 2017-01-31
2025-07-16 10:13:47 [INFO] Next iteration: updating parameters
2025-07-16 10:13:47 [INFO] Setting date range: 2017-01-01 to 2017-01-31
2025-07-16 10:13:48 [INFO] Date range fields updated
2025-07-16 10:13:48 [INFO] Industry unchanged: All
2025-07-16 10:13:48 [INFO] Subfocus changed from Supply Chain to None
2025-07-16 10:13:48 [INFO] Reverting to broad subject categories
2025-07-16 10:13:48 [INFO] Current search text: rst=topuk AND la=en AND re=UK AND ns=cscm
2025-07-16 10:13:48 [INFO] Set search text to: rst=topuk AND la=en AND re=UK AND (ns=ccat OR ns=ecat OR ns=mcat)
2025-07-16 10:14:00 [INFO] Search button clicked
2025-07-16 10:14:00 [INFO] Results found: 9728
2025-07-16 10:14:04 [INFO] Results saved to /Users/federicopessina/Library/CloudStorage/Dropbox/Work/UCL PhD/Research/Firm_Attention/2. Data/monthly/factiva_results/All/no_subfocus/2017-01-01_to_2017-01-31.csv
2025-07-16 10:14:04 [INFO] Found 9728 results - CSV saved, proceeding with charts
2025-07-16 10:14:13 [INFO] Downloads folder already clean (no CSV files)
2025-07-16 10:14:21 [INFO] Modify search button clicked
2025-07-16 10:14:21 [INFO] Next iteration update complete
2025-07-16 10:14:21 [INFO] Completed task for All from 2017-01-01 to 2017-01-31
2025-07-16 10:14:21 [INFO] Task status updated to 1 for All/None 2017-01-01-2017-01-31
2025-07-16 10:14:21 [INFO] ✅ Task marked as completed for All/None
2025-07-16 10:14:21 [INFO] ✅ Task 26/1159 completed
2025-07-16 10:14:21 [INFO] Running task for industry: All and subfocus: Tariffs, from 2017-01-01 to 2017-01-31
2025-07-16 10:14:21 [INFO] Task 27/1159: All/Tariffs 2017-01-01-2017-01-31
2025-07-16 10:14:21 [INFO] Starting scraper task for All from 2017-01-01 to 2017-01-31
2025-07-16 10:14:21 [INFO] Next iteration: updating parameters
2025-07-16 10:14:21 [INFO] Setting date range: 2017-01-01 to 2017-01-31
2025-07-16 10:14:22 [INFO] Date range fields updated
2025-07-16 10:14:22 [INFO] Industry unchanged: All
2025-07-16 10:14:22 [INFO] Subfocus changed from None to Tariffs
2025-07-16 10:14:22 [INFO] Current search text: rst=topuk AND la=en AND re=UK AND (ns=ccat OR ns=ecat OR ns=mcat)
2025-07-16 10:14:22 [INFO] Set subfocus filter for: Tariffs (ns=gtrade)
2025-07-16 10:14:22 [INFO] Set search text to: rst=topuk AND la=en AND re=UK AND ns=gtrade
2025-07-16 10:14:34 [INFO] Search button clicked
2025-07-16 10:14:34 [INFO] Results found: 70
2025-07-16 10:14:38 [INFO] Results saved to /Users/federicopessina/Library/CloudStorage/Dropbox/Work/UCL PhD/Research/Firm_Attention/2. Data/monthly/factiva_results/All/Tariffs/2017-01-01_to_2017-01-31.csv
2025-07-16 10:14:38 [INFO] Found 70 results - CSV saved, proceeding with charts
2025-07-16 10:14:44 [INFO] Subfocus 'Tariffs' specified - skipping industry chart download
2025-07-16 10:14:44 [INFO] Downloads folder already clean (no CSV files)
2025-07-16 10:14:52 [INFO] Modify search button clicked
2025-07-16 10:14:52 [INFO] Next iteration update complete
2025-07-16 10:14:52 [INFO] Completed task for All from 2017-01-01 to 2017-01-31
2025-07-16 10:14:52 [INFO] Task status updated to 1 for All/Tariffs 2017-01-01-2017-01-31
2025-07-16 10:14:52 [INFO] ✅ Task marked as completed for All/Tariffs
2025-07-16 10:14:52 [INFO] ✅ Task 27/1159 completed
2025-07-16 10:14:52 [INFO] Running task for industry: All and subfocus: Supply Chain, from 2017-01-01 to 2017-01-31
2025-07-16 10:14:52 [INFO] Task 28/1159: All/Supply Chain 2017-01-01-2017-01-31
2025-07-16 10:14:52 [INFO] Starting scraper task for All from 2017-01-01 to 2017-01-31
2025-07-16 10:14:52 [INFO] Next iteration: updating parameters
2025-07-16 10:14:52 [INFO] Setting date range: 2017-01-01 to 2017-01-31
2025-07-16 10:14:53 [INFO] Date range fields updated
2025-07-16 10:14:53 [INFO] Industry unchanged: All
2025-07-16 10:14:53 [INFO] Subfocus changed from Tariffs to Supply Chain
2025-07-16 10:14:53 [INFO] Current search text: rst=topuk AND la=en AND re=UK AND ns=gtrade
2025-07-16 10:14:53 [INFO] Set subfocus filter for: Supply Chain (ns=cscm)
2025-07-16 10:14:53 [INFO] Set search text to: rst=topuk AND la=en AND re=UK AND ns=cscm
2025-07-16 10:15:05 [INFO] Search button clicked
2025-07-16 10:15:05 [INFO] Results found: 2
2025-07-16 10:15:09 [INFO] Results saved to /Users/federicopessina/Library/CloudStorage/Dropbox/Work/UCL PhD/Research/Firm_Attention/2. Data/monthly/factiva_results/All/Supply Chain/2017-01-01_to_2017-01-31.csv
2025-07-16 10:15:09 [INFO] Found 2 results - CSV saved, proceeding with charts
2025-07-16 10:15:09 [INFO] Downloads folder already clean (no CSV files)
2025-07-16 10:15:18 [INFO] Modify search button clicked
2025-07-16 10:15:18 [INFO] Next iteration update complete
2025-07-16 10:15:18 [INFO] Completed task for All from 2017-01-01 to 2017-01-31
2025-07-16 10:15:18 [INFO] Task status updated to 1 for All/Supply Chain 2017-01-01-2017-01-31
2025-07-16 10:15:18 [INFO] ✅ Task marked as completed for All/Supply Chain
2025-07-16 10:15:18 [INFO] ✅ Task 28/1159 completed
2025-07-16 10:15:18 [INFO] Running task for industry: All and subfocus: None, from 2017-02-01 to 2017-02-28
2025-07-16 10:15:18 [INFO] Task 29/1159: All/None 2017-02-01-2017-02-28
2025-07-16 10:15:18 [INFO] Starting scraper task for All from 2017-02-01 to 2017-02-28
2025-07-16 10:15:18 [INFO] Next iteration: updating parameters
2025-07-16 10:15:18 [INFO] Setting date range: 2017-02-01 to 2017-02-28
2025-07-16 10:15:18 [INFO] Date range fields updated
2025-07-16 10:15:18 [INFO] Industry unchanged: All
2025-07-16 10:15:18 [INFO] Subfocus changed from Supply Chain to None
2025-07-16 10:15:18 [INFO] Reverting to broad subject categories
2025-07-16 10:15:18 [INFO] Current search text: rst=topuk AND la=en AND re=UK AND ns=cscm
2025-07-16 10:15:18 [INFO] Set search text to: rst=topuk AND la=en AND re=UK AND (ns=ccat OR ns=ecat OR ns=mcat)
2025-07-16 10:15:30 [INFO] Search button clicked
2025-07-16 10:15:30 [INFO] Results found: 8964
2025-07-16 10:15:34 [INFO] Results saved to /Users/federicopessina/Library/CloudStorage/Dropbox/Work/UCL PhD/Research/Firm_Attention/2. Data/monthly/factiva_results/All/no_subfocus/2017-02-01_to_2017-02-28.csv
2025-07-16 10:15:34 [INFO] Found 8964 results - CSV saved, proceeding with charts
2025-07-16 10:15:45 [INFO] Downloads folder already clean (no CSV files)
2025-07-16 10:15:53 [INFO] Modify search button clicked
2025-07-16 10:15:53 [INFO] Next iteration update complete
2025-07-16 10:15:53 [INFO] Completed task for All from 2017-02-01 to 2017-02-28
2025-07-16 10:15:53 [INFO] Task status updated to 1 for All/None 2017-02-01-2017-02-28
2025-07-16 10:15:53 [INFO] ✅ Task marked as completed for All/None
2025-07-16 10:15:53 [INFO] ✅ Task 29/1159 completed
2025-07-16 10:15:53 [INFO] Running task for industry: All and subfocus: Tariffs, from 2017-02-01 to 2017-02-28
2025-07-16 10:15:53 [INFO] Task 30/1159: All/Tariffs 2017-02-01-2017-02-28
2025-07-16 10:15:53 [INFO] Starting scraper task for All from 2017-02-01 to 2017-02-28
2025-07-16 10:15:53 [INFO] Next iteration: updating parameters
2025-07-16 10:15:53 [INFO] Setting date range: 2017-02-01 to 2017-02-28
2025-07-16 10:15:54 [INFO] Date range fields updated
2025-07-16 10:15:54 [INFO] Industry unchanged: All
2025-07-16 10:15:54 [INFO] Subfocus changed from None to Tariffs
2025-07-16 10:15:54 [INFO] Current search text: rst=topuk AND la=en AND re=UK AND (ns=ccat OR ns=ecat OR ns=mcat)
2025-07-16 10:15:54 [INFO] Set subfocus filter for: Tariffs (ns=gtrade)
2025-07-16 10:15:54 [INFO] Set search text to: rst=topuk AND la=en AND re=UK AND ns=gtrade
2025-07-16 10:16:06 [INFO] Search button clicked
2025-07-16 10:16:06 [INFO] Results found: 34
2025-07-16 10:16:10 [INFO] Results saved to /Users/federicopessina/Library/CloudStorage/Dropbox/Work/UCL PhD/Research/Firm_Attention/2. Data/monthly/factiva_results/All/Tariffs/2017-02-01_to_2017-02-28.csv
2025-07-16 10:16:10 [INFO] Found 34 results - CSV saved, proceeding with charts
2025-07-16 10:16:16 [INFO] Subfocus 'Tariffs' specified - skipping industry chart download
2025-07-16 10:16:16 [INFO] Downloads folder already clean (no CSV files)
2025-07-16 10:16:24 [INFO] Modify search button clicked
2025-07-16 10:16:24 [INFO] Next iteration update complete
2025-07-16 10:16:24 [INFO] Completed task for All from 2017-02-01 to 2017-02-28
2025-07-16 10:16:24 [INFO] Task status updated to 1 for All/Tariffs 2017-02-01-2017-02-28
2025-07-16 10:16:24 [INFO] ✅ Task marked as completed for All/Tariffs
2025-07-16 10:16:24 [INFO] ✅ Task 30/1159 completed
2025-07-16 10:16:24 [INFO] Running task for industry: All and subfocus: Supply Chain, from 2017-02-01 to 2017-02-28
2025-07-16 10:16:24 [INFO] Task 31/1159: All/Supply Chain 2017-02-01-2017-02-28
2025-07-16 10:16:24 [INFO] Starting scraper task for All from 2017-02-01 to 2017-02-28
2025-07-16 10:16:24 [INFO] Next iteration: updating parameters
2025-07-16 10:16:24 [INFO] Setting date range: 2017-02-01 to 2017-02-28
2025-07-16 10:16:25 [INFO] Date range fields updated
2025-07-16 10:16:25 [INFO] Industry unchanged: All
2025-07-16 10:16:25 [INFO] Subfocus changed from Tariffs to Supply Chain
2025-07-16 10:16:25 [INFO] Current search text: rst=topuk AND la=en AND re=UK AND ns=gtrade
2025-07-16 10:16:25 [INFO] Set subfocus filter for: Supply Chain (ns=cscm)
2025-07-16 10:16:25 [INFO] Set search text to: rst=topuk AND la=en AND re=UK AND ns=cscm
2025-07-16 10:16:37 [INFO] Search button clicked
2025-07-16 10:16:38 [INFO] Results found: 1
2025-07-16 10:16:42 [INFO] Results saved to /Users/federicopessina/Library/CloudStorage/Dropbox/Work/UCL PhD/Research/Firm_Attention/2. Data/monthly/factiva_results/All/Supply Chain/2017-02-01_to_2017-02-28.csv
2025-07-16 10:16:42 [INFO] Found 1 results - CSV saved, proceeding with charts
2025-07-16 10:16:42 [INFO] Downloads folder already clean (no CSV files)
2025-07-16 10:16:50 [INFO] Modify search button clicked
2025-07-16 10:16:50 [INFO] Next iteration update complete
2025-07-16 10:16:50 [INFO] Completed task for All from 2017-02-01 to 2017-02-28
2025-07-16 10:16:50 [INFO] Task status updated to 1 for All/Supply Chain 2017-02-01-2017-02-28
2025-07-16 10:16:50 [INFO] ✅ Task marked as completed for All/Supply Chain
2025-07-16 10:16:50 [INFO] ✅ Task 31/1159 completed
2025-07-16 10:16:50 [INFO] Running task for industry: All and subfocus: None, from 2017-03-01 to 2017-03-31
2025-07-16 10:16:50 [INFO] Task 32/1159: All/None 2017-03-01-2017-03-31
2025-07-16 10:16:50 [INFO] Starting scraper task for All from 2017-03-01 to 2017-03-31
2025-07-16 10:16:50 [INFO] Next iteration: updating parameters
2025-07-16 10:16:50 [INFO] Setting date range: 2017-03-01 to 2017-03-31
2025-07-16 10:16:50 [INFO] Date range fields updated
2025-07-16 10:16:50 [INFO] Industry unchanged: All
2025-07-16 10:16:50 [INFO] Subfocus changed from Supply Chain to None
2025-07-16 10:16:50 [INFO] Reverting to broad subject categories
2025-07-16 10:16:50 [INFO] Current search text: rst=topuk AND la=en AND re=UK AND ns=cscm
2025-07-16 10:16:50 [INFO] Set search text to: rst=topuk AND la=en AND re=UK AND (ns=ccat OR ns=ecat OR ns=mcat)
2025-07-16 10:17:02 [INFO] Search button clicked
2025-07-16 10:17:03 [INFO] Results found: 10671
2025-07-16 10:17:07 [INFO] Results saved to /Users/federicopessina/Library/CloudStorage/Dropbox/Work/UCL PhD/Research/Firm_Attention/2. Data/monthly/factiva_results/All/no_subfocus/2017-03-01_to_2017-03-31.csv
2025-07-16 10:17:07 [INFO] Found 10671 results - CSV saved, proceeding with charts
2025-07-16 10:17:16 [INFO] Downloads folder already clean (no CSV files)
2025-07-16 10:17:24 [INFO] Modify search button clicked
2025-07-16 10:17:24 [INFO] Next iteration update complete
2025-07-16 10:17:24 [INFO] Completed task for All from 2017-03-01 to 2017-03-31
2025-07-16 10:17:24 [INFO] Task status updated to 1 for All/None 2017-03-01-2017-03-31
2025-07-16 10:17:24 [INFO] ✅ Task marked as completed for All/None
2025-07-16 10:17:24 [INFO] ✅ Task 32/1159 completed
2025-07-16 10:17:24 [INFO] Running task for industry: All and subfocus: Tariffs, from 2017-03-01 to 2017-03-31
2025-07-16 10:17:24 [INFO] Task 33/1159: All/Tariffs 2017-03-01-2017-03-31
2025-07-16 10:17:24 [INFO] Starting scraper task for All from 2017-03-01 to 2017-03-31
2025-07-16 10:17:24 [INFO] Next iteration: updating parameters
2025-07-16 10:17:24 [INFO] Setting date range: 2017-03-01 to 2017-03-31
2025-07-16 10:17:24 [INFO] Date range fields updated
2025-07-16 10:17:24 [INFO] Industry unchanged: All
2025-07-16 10:17:24 [INFO] Subfocus changed from None to Tariffs
2025-07-16 10:17:24 [INFO] Current search text: rst=topuk AND la=en AND re=UK AND (ns=ccat OR ns=ecat OR ns=mcat)
2025-07-16 10:17:24 [INFO] Set subfocus filter for: Tariffs (ns=gtrade)
2025-07-16 10:17:24 [INFO] Set search text to: rst=topuk AND la=en AND re=UK AND ns=gtrade
2025-07-16 10:17:36 [INFO] Search button clicked
2025-07-16 10:17:37 [INFO] Results found: 91
2025-07-16 10:17:41 [INFO] Results saved to /Users/federicopessina/Library/CloudStorage/Dropbox/Work/UCL PhD/Research/Firm_Attention/2. Data/monthly/factiva_results/All/Tariffs/2017-03-01_to_2017-03-31.csv
2025-07-16 10:17:41 [INFO] Found 91 results - CSV saved, proceeding with charts
2025-07-16 10:17:47 [INFO] Subfocus 'Tariffs' specified - skipping industry chart download
2025-07-16 10:17:47 [INFO] Downloads folder already clean (no CSV files)
2025-07-16 10:17:55 [INFO] Modify search button clicked
2025-07-16 10:17:55 [INFO] Next iteration update complete
2025-07-16 10:17:55 [INFO] Completed task for All from 2017-03-01 to 2017-03-31
2025-07-16 10:17:55 [INFO] Task status updated to 1 for All/Tariffs 2017-03-01-2017-03-31
2025-07-16 10:17:55 [INFO] ✅ Task marked as completed for All/Tariffs
2025-07-16 10:17:55 [INFO] ✅ Task 33/1159 completed
2025-07-16 10:17:55 [INFO] Running task for industry: All and subfocus: Supply Chain, from 2017-03-01 to 2017-03-31
2025-07-16 10:17:55 [INFO] Task 34/1159: All/Supply Chain 2017-03-01-2017-03-31
2025-07-16 10:17:55 [INFO] Starting scraper task for All from 2017-03-01 to 2017-03-31
2025-07-16 10:17:55 [INFO] Next iteration: updating parameters
2025-07-16 10:17:55 [INFO] Setting date range: 2017-03-01 to 2017-03-31
2025-07-16 10:17:55 [INFO] Date range fields updated
2025-07-16 10:17:55 [INFO] Industry unchanged: All
2025-07-16 10:17:55 [INFO] Subfocus changed from Tariffs to Supply Chain
2025-07-16 10:17:55 [INFO] Current search text: rst=topuk AND la=en AND re=UK AND ns=gtrade
2025-07-16 10:17:55 [INFO] Set subfocus filter for: Supply Chain (ns=cscm)
2025-07-16 10:17:55 [INFO] Set search text to: rst=topuk AND la=en AND re=UK AND ns=cscm
2025-07-16 10:18:07 [INFO] Search button clicked
2025-07-16 10:18:08 [INFO] Results found: 17
2025-07-16 10:18:12 [INFO] Results saved to /Users/federicopessina/Library/CloudStorage/Dropbox/Work/UCL PhD/Research/Firm_Attention/2. Data/monthly/factiva_results/All/Supply Chain/2017-03-01_to_2017-03-31.csv
2025-07-16 10:18:12 [INFO] Found 17 results - CSV saved, proceeding with charts
2025-07-16 10:18:18 [INFO] Subfocus 'Supply Chain' specified - skipping industry chart download
2025-07-16 10:18:18 [INFO] Downloads folder already clean (no CSV files)
2025-07-16 10:18:26 [INFO] Modify search button clicked
2025-07-16 10:18:26 [INFO] Next iteration update complete
2025-07-16 10:18:26 [INFO] Completed task for All from 2017-03-01 to 2017-03-31
2025-07-16 10:18:26 [INFO] Task status updated to 1 for All/Supply Chain 2017-03-01-2017-03-31
2025-07-16 10:18:26 [INFO] ✅ Task marked as completed for All/Supply Chain
2025-07-16 10:18:26 [INFO] ✅ Task 34/1159 completed
2025-07-16 10:18:26 [INFO] Running task for industry: All and subfocus: None, from 2017-04-01 to 2017-04-30
2025-07-16 10:18:26 [INFO] Task 35/1159: All/None 2017-04-01-2017-04-30
2025-07-16 10:18:26 [INFO] Starting scraper task for All from 2017-04-01 to 2017-04-30
2025-07-16 10:18:26 [INFO] Next iteration: updating parameters
2025-07-16 10:18:26 [INFO] Setting date range: 2017-04-01 to 2017-04-30
2025-07-16 10:18:26 [INFO] Date range fields updated
2025-07-16 10:18:26 [INFO] Industry unchanged: All
2025-07-16 10:18:26 [INFO] Subfocus changed from Supply Chain to None
2025-07-16 10:18:26 [INFO] Reverting to broad subject categories
2025-07-16 10:18:26 [INFO] Current search text: rst=topuk AND la=en AND re=UK AND ns=cscm
2025-07-16 10:18:26 [INFO] Set search text to: rst=topuk AND la=en AND re=UK AND (ns=ccat OR ns=ecat OR ns=mcat)
2025-07-16 10:18:39 [INFO] Search button clicked
2025-07-16 10:18:39 [INFO] Results found: 8560
2025-07-16 10:18:43 [INFO] Results saved to /Users/federicopessina/Library/CloudStorage/Dropbox/Work/UCL PhD/Research/Firm_Attention/2. Data/monthly/factiva_results/All/no_subfocus/2017-04-01_to_2017-04-30.csv
2025-07-16 10:18:43 [INFO] Found 8560 results - CSV saved, proceeding with charts
2025-07-16 10:18:53 [INFO] Downloads folder already clean (no CSV files)
2025-07-16 10:19:01 [INFO] Modify search button clicked
2025-07-16 10:19:01 [INFO] Next iteration update complete
2025-07-16 10:19:01 [INFO] Completed task for All from 2017-04-01 to 2017-04-30
2025-07-16 10:19:01 [INFO] Task status updated to 1 for All/None 2017-04-01-2017-04-30
2025-07-16 10:19:01 [INFO] ✅ Task marked as completed for All/None
2025-07-16 10:19:01 [INFO] ✅ Task 35/1159 completed
2025-07-16 10:19:01 [INFO] Running task for industry: All and subfocus: Tariffs, from 2017-04-01 to 2017-04-30
2025-07-16 10:19:01 [INFO] Task 36/1159: All/Tariffs 2017-04-01-2017-04-30
2025-07-16 10:19:01 [INFO] Starting scraper task for All from 2017-04-01 to 2017-04-30
2025-07-16 10:19:01 [INFO] Next iteration: updating parameters
2025-07-16 10:19:01 [INFO] Setting date range: 2017-04-01 to 2017-04-30
2025-07-16 10:19:02 [INFO] Date range fields updated
2025-07-16 10:19:02 [INFO] Industry unchanged: All
2025-07-16 10:19:02 [INFO] Subfocus changed from None to Tariffs
2025-07-16 10:19:02 [INFO] Current search text: rst=topuk AND la=en AND re=UK AND (ns=ccat OR ns=ecat OR ns=mcat)
2025-07-16 10:19:02 [INFO] Set subfocus filter for: Tariffs (ns=gtrade)
2025-07-16 10:19:02 [INFO] Set search text to: rst=topuk AND la=en AND re=UK AND ns=gtrade
2025-07-16 10:19:14 [INFO] Search button clicked
2025-07-16 10:19:14 [INFO] Results found: 63
2025-07-16 10:19:18 [INFO] Results saved to /Users/federicopessina/Library/CloudStorage/Dropbox/Work/UCL PhD/Research/Firm_Attention/2. Data/monthly/factiva_results/All/Tariffs/2017-04-01_to_2017-04-30.csv
2025-07-16 10:19:18 [INFO] Found 63 results - CSV saved, proceeding with charts
2025-07-16 10:19:24 [INFO] Subfocus 'Tariffs' specified - skipping industry chart download
2025-07-16 10:19:24 [INFO] Downloads folder already clean (no CSV files)
2025-07-16 10:19:32 [INFO] Modify search button clicked
2025-07-16 10:19:32 [INFO] Next iteration update complete
2025-07-16 10:19:32 [INFO] Completed task for All from 2017-04-01 to 2017-04-30
2025-07-16 10:19:32 [INFO] Task status updated to 1 for All/Tariffs 2017-04-01-2017-04-30
2025-07-16 10:19:32 [INFO] ✅ Task marked as completed for All/Tariffs
2025-07-16 10:19:32 [INFO] ✅ Task 36/1159 completed
2025-07-16 10:19:32 [INFO] Running task for industry: All and subfocus: Supply Chain, from 2017-04-01 to 2017-04-30
2025-07-16 10:19:32 [INFO] Task 37/1159: All/Supply Chain 2017-04-01-2017-04-30
2025-07-16 10:19:32 [INFO] Starting scraper task for All from 2017-04-01 to 2017-04-30
2025-07-16 10:19:32 [INFO] Next iteration: updating parameters
2025-07-16 10:19:32 [INFO] Setting date range: 2017-04-01 to 2017-04-30
2025-07-16 10:19:33 [INFO] Date range fields updated
2025-07-16 10:19:33 [INFO] Industry unchanged: All
2025-07-16 10:19:33 [INFO] Subfocus changed from Tariffs to Supply Chain
2025-07-16 10:19:33 [INFO] Current search text: rst=topuk AND la=en AND re=UK AND ns=gtrade
2025-07-16 10:19:33 [INFO] Set subfocus filter for: Supply Chain (ns=cscm)
2025-07-16 10:19:33 [INFO] Set search text to: rst=topuk AND la=en AND re=UK AND ns=cscm
2025-07-16 10:19:45 [INFO] Search button clicked
2025-07-16 10:19:45 [INFO] Results found: 4
2025-07-16 10:19:49 [INFO] Results saved to /Users/federicopessina/Library/CloudStorage/Dropbox/Work/UCL PhD/Research/Firm_Attention/2. Data/monthly/factiva_results/All/Supply Chain/2017-04-01_to_2017-04-30.csv
2025-07-16 10:19:49 [INFO] Found 4 results - CSV saved, proceeding with charts
2025-07-16 10:19:55 [INFO] Subfocus 'Supply Chain' specified - skipping industry chart download
2025-07-16 10:19:55 [INFO] Downloads folder already clean (no CSV files)
2025-07-16 10:20:03 [INFO] Modify search button clicked
2025-07-16 10:20:03 [INFO] Next iteration update complete
2025-07-16 10:20:03 [INFO] Completed task for All from 2017-04-01 to 2017-04-30
2025-07-16 10:20:03 [INFO] Task status updated to 1 for All/Supply Chain 2017-04-01-2017-04-30
2025-07-16 10:20:03 [INFO] ✅ Task marked as completed for All/Supply Chain
2025-07-16 10:20:03 [INFO] ✅ Task 37/1159 completed
2025-07-16 10:20:03 [INFO] Running task for industry: All and subfocus: None, from 2017-05-01 to 2017-05-31
2025-07-16 10:20:03 [INFO] Task 38/1159: All/None 2017-05-01-2017-05-31
2025-07-16 10:20:03 [INFO] Starting scraper task for All from 2017-05-01 to 2017-05-31
2025-07-16 10:20:03 [INFO] Next iteration: updating parameters
2025-07-16 10:20:03 [INFO] Setting date range: 2017-05-01 to 2017-05-31
2025-07-16 10:20:04 [INFO] Date range fields updated
2025-07-16 10:20:04 [INFO] Industry unchanged: All
2025-07-16 10:20:04 [INFO] Subfocus changed from Supply Chain to None
2025-07-16 10:20:04 [INFO] Reverting to broad subject categories
2025-07-16 10:20:04 [INFO] Current search text: rst=topuk AND la=en AND re=UK AND ns=cscm
2025-07-16 10:20:04 [INFO] Set search text to: rst=topuk AND la=en AND re=UK AND (ns=ccat OR ns=ecat OR ns=mcat)
2025-07-16 10:20:16 [INFO] Search button clicked
2025-07-16 10:20:16 [INFO] Results found: 8858
2025-07-16 10:20:20 [INFO] Results saved to /Users/federicopessina/Library/CloudStorage/Dropbox/Work/UCL PhD/Research/Firm_Attention/2. Data/monthly/factiva_results/All/no_subfocus/2017-05-01_to_2017-05-31.csv
2025-07-16 10:20:20 [INFO] Found 8858 results - CSV saved, proceeding with charts
2025-07-16 10:20:30 [INFO] Downloads folder already clean (no CSV files)
2025-07-16 10:20:38 [INFO] Modify search button clicked
2025-07-16 10:20:38 [INFO] Next iteration update complete
2025-07-16 10:20:38 [INFO] Completed task for All from 2017-05-01 to 2017-05-31
2025-07-16 10:20:38 [INFO] Task status updated to 1 for All/None 2017-05-01-2017-05-31
2025-07-16 10:20:38 [INFO] ✅ Task marked as completed for All/None
2025-07-16 10:20:38 [INFO] ✅ Task 38/1159 completed
2025-07-16 10:20:38 [INFO] Running task for industry: All and subfocus: Tariffs, from 2017-05-01 to 2017-05-31
2025-07-16 10:20:38 [INFO] Task 39/1159: All/Tariffs 2017-05-01-2017-05-31
2025-07-16 10:20:38 [INFO] Starting scraper task for All from 2017-05-01 to 2017-05-31
2025-07-16 10:20:38 [INFO] Next iteration: updating parameters
2025-07-16 10:20:38 [INFO] Setting date range: 2017-05-01 to 2017-05-31
2025-07-16 10:20:39 [INFO] Date range fields updated
2025-07-16 10:20:39 [INFO] Industry unchanged: All
2025-07-16 10:20:39 [INFO] Subfocus changed from None to Tariffs
2025-07-16 10:20:39 [INFO] Current search text: rst=topuk AND la=en AND re=UK AND (ns=ccat OR ns=ecat OR ns=mcat)
2025-07-16 10:20:39 [INFO] Set subfocus filter for: Tariffs (ns=gtrade)
2025-07-16 10:20:39 [INFO] Set search text to: rst=topuk AND la=en AND re=UK AND ns=gtrade
2025-07-16 10:20:51 [INFO] Search button clicked
2025-07-16 10:20:51 [INFO] Results found: 31
2025-07-16 10:20:55 [INFO] Results saved to /Users/federicopessina/Library/CloudStorage/Dropbox/Work/UCL PhD/Research/Firm_Attention/2. Data/monthly/factiva_results/All/Tariffs/2017-05-01_to_2017-05-31.csv
2025-07-16 10:20:55 [INFO] Found 31 results - CSV saved, proceeding with charts
2025-07-16 10:21:01 [INFO] Subfocus 'Tariffs' specified - skipping industry chart download
2025-07-16 10:21:01 [INFO] Downloads folder already clean (no CSV files)
2025-07-16 10:21:09 [INFO] Modify search button clicked
2025-07-16 10:21:09 [INFO] Next iteration update complete
2025-07-16 10:21:09 [INFO] Completed task for All from 2017-05-01 to 2017-05-31
2025-07-16 10:21:09 [INFO] Task status updated to 1 for All/Tariffs 2017-05-01-2017-05-31
2025-07-16 10:21:09 [INFO] ✅ Task marked as completed for All/Tariffs
2025-07-16 10:21:09 [INFO] ✅ Task 39/1159 completed
2025-07-16 10:21:09 [INFO] Running task for industry: All and subfocus: Supply Chain, from 2017-05-01 to 2017-05-31
2025-07-16 10:21:09 [INFO] Task 40/1159: All/Supply Chain 2017-05-01-2017-05-31
2025-07-16 10:21:09 [INFO] Starting scraper task for All from 2017-05-01 to 2017-05-31
2025-07-16 10:21:09 [INFO] Next iteration: updating parameters
2025-07-16 10:21:09 [INFO] Setting date range: 2017-05-01 to 2017-05-31
2025-07-16 10:21:10 [INFO] Date range fields updated
2025-07-16 10:21:10 [INFO] Industry unchanged: All
2025-07-16 10:21:10 [INFO] Subfocus changed from Tariffs to Supply Chain
2025-07-16 10:21:10 [INFO] Current search text: rst=topuk AND la=en AND re=UK AND ns=gtrade
2025-07-16 10:21:10 [INFO] Set subfocus filter for: Supply Chain (ns=cscm)
2025-07-16 10:21:10 [INFO] Set search text to: rst=topuk AND la=en AND re=UK AND ns=cscm
2025-07-16 10:21:22 [INFO] Search button clicked
2025-07-16 10:21:22 [INFO] Results found: 4
2025-07-16 10:21:26 [INFO] Results saved to /Users/federicopessina/Library/CloudStorage/Dropbox/Work/UCL PhD/Research/Firm_Attention/2. Data/monthly/factiva_results/All/Supply Chain/2017-05-01_to_2017-05-31.csv
2025-07-16 10:21:26 [INFO] Found 4 results - CSV saved, proceeding with charts
2025-07-16 10:21:32 [INFO] Subfocus 'Supply Chain' specified - skipping industry chart download
2025-07-16 10:21:32 [INFO] Downloads folder already clean (no CSV files)
2025-07-16 10:21:40 [INFO] Modify search button clicked
2025-07-16 10:21:40 [INFO] Next iteration update complete
2025-07-16 10:21:40 [INFO] Completed task for All from 2017-05-01 to 2017-05-31
2025-07-16 10:21:40 [INFO] Task status updated to 1 for All/Supply Chain 2017-05-01-2017-05-31
2025-07-16 10:21:40 [INFO] ✅ Task marked as completed for All/Supply Chain
2025-07-16 10:21:40 [INFO] ✅ Task 40/1159 completed
2025-07-16 10:21:40 [INFO] Running task for industry: All and subfocus: None, from 2017-06-01 to 2017-06-30
2025-07-16 10:21:40 [INFO] Task 41/1159: All/None 2017-06-01-2017-06-30
2025-07-16 10:21:40 [INFO] Starting scraper task for All from 2017-06-01 to 2017-06-30
2025-07-16 10:21:40 [INFO] Next iteration: updating parameters
2025-07-16 10:21:40 [INFO] Setting date range: 2017-06-01 to 2017-06-30
2025-07-16 10:21:41 [INFO] Date range fields updated
2025-07-16 10:21:41 [INFO] Industry unchanged: All
2025-07-16 10:21:41 [INFO] Subfocus changed from Supply Chain to None
2025-07-16 10:21:41 [INFO] Reverting to broad subject categories
2025-07-16 10:21:41 [INFO] Current search text: rst=topuk AND la=en AND re=UK AND ns=cscm
2025-07-16 10:21:41 [INFO] Set search text to: rst=topuk AND la=en AND re=UK AND (ns=ccat OR ns=ecat OR ns=mcat)
2025-07-16 10:21:53 [INFO] Search button clicked
2025-07-16 10:21:53 [INFO] Results found: 8375
2025-07-16 10:21:57 [INFO] Results saved to /Users/federicopessina/Library/CloudStorage/Dropbox/Work/UCL PhD/Research/Firm_Attention/2. Data/monthly/factiva_results/All/no_subfocus/2017-06-01_to_2017-06-30.csv
2025-07-16 10:21:57 [INFO] Found 8375 results - CSV saved, proceeding with charts
2025-07-16 10:22:07 [INFO] Downloads folder already clean (no CSV files)
2025-07-16 10:22:15 [INFO] Modify search button clicked
2025-07-16 10:22:15 [INFO] Next iteration update complete
2025-07-16 10:22:15 [INFO] Completed task for All from 2017-06-01 to 2017-06-30
2025-07-16 10:22:15 [INFO] Task status updated to 1 for All/None 2017-06-01-2017-06-30
2025-07-16 10:22:15 [INFO] ✅ Task marked as completed for All/None
2025-07-16 10:22:15 [INFO] ✅ Task 41/1159 completed
2025-07-16 10:22:15 [INFO] Running task for industry: All and subfocus: Tariffs, from 2017-06-01 to 2017-06-30
2025-07-16 10:22:15 [INFO] Task 42/1159: All/Tariffs 2017-06-01-2017-06-30
2025-07-16 10:22:15 [INFO] Starting scraper task for All from 2017-06-01 to 2017-06-30
2025-07-16 10:22:15 [INFO] Next iteration: updating parameters
2025-07-16 10:22:15 [INFO] Setting date range: 2017-06-01 to 2017-06-30
2025-07-16 10:22:16 [INFO] Date range fields updated
2025-07-16 10:22:16 [INFO] Industry unchanged: All
2025-07-16 10:22:16 [INFO] Subfocus changed from None to Tariffs
2025-07-16 10:22:16 [INFO] Current search text: rst=topuk AND la=en AND re=UK AND (ns=ccat OR ns=ecat OR ns=mcat)
2025-07-16 10:22:16 [INFO] Set subfocus filter for: Tariffs (ns=gtrade)
2025-07-16 10:22:16 [INFO] Set search text to: rst=topuk AND la=en AND re=UK AND ns=gtrade
2025-07-16 10:22:28 [INFO] Search button clicked
2025-07-16 10:22:29 [INFO] Results found: 51
2025-07-16 10:22:33 [INFO] Results saved to /Users/federicopessina/Library/CloudStorage/Dropbox/Work/UCL PhD/Research/Firm_Attention/2. Data/monthly/factiva_results/All/Tariffs/2017-06-01_to_2017-06-30.csv
2025-07-16 10:22:33 [INFO] Found 51 results - CSV saved, proceeding with charts
2025-07-16 10:22:41 [INFO] Subfocus 'Tariffs' specified - skipping industry chart download
2025-07-16 10:22:41 [INFO] Downloads folder already clean (no CSV files)
2025-07-16 10:22:49 [INFO] Modify search button clicked
2025-07-16 10:22:49 [INFO] Next iteration update complete
2025-07-16 10:22:49 [INFO] Completed task for All from 2017-06-01 to 2017-06-30
2025-07-16 10:22:49 [INFO] Task status updated to 1 for All/Tariffs 2017-06-01-2017-06-30
2025-07-16 10:22:49 [INFO] ✅ Task marked as completed for All/Tariffs
2025-07-16 10:22:49 [INFO] ✅ Task 42/1159 completed
2025-07-16 10:22:49 [INFO] Running task for industry: All and subfocus: Supply Chain, from 2017-06-01 to 2017-06-30
2025-07-16 10:22:49 [INFO] Task 43/1159: All/Supply Chain 2017-06-01-2017-06-30
2025-07-16 10:22:49 [INFO] Starting scraper task for All from 2017-06-01 to 2017-06-30
2025-07-16 10:22:49 [INFO] Next iteration: updating parameters
2025-07-16 10:22:49 [INFO] Setting date range: 2017-06-01 to 2017-06-30
2025-07-16 10:22:50 [INFO] Date range fields updated
2025-07-16 10:22:50 [INFO] Industry unchanged: All
2025-07-16 10:22:50 [INFO] Subfocus changed from Tariffs to Supply Chain
2025-07-16 10:22:50 [INFO] Current search text: rst=topuk AND la=en AND re=UK AND ns=gtrade
2025-07-16 10:22:50 [INFO] Set subfocus filter for: Supply Chain (ns=cscm)
2025-07-16 10:22:50 [INFO] Set search text to: rst=topuk AND la=en AND re=UK AND ns=cscm
2025-07-16 10:23:02 [INFO] Search button clicked
2025-07-16 10:23:02 [INFO] Results found: 6
2025-07-16 10:23:06 [INFO] Results saved to /Users/federicopessina/Library/CloudStorage/Dropbox/Work/UCL PhD/Research/Firm_Attention/2. Data/monthly/factiva_results/All/Supply Chain/2017-06-01_to_2017-06-30.csv
2025-07-16 10:23:06 [INFO] Found 6 results - CSV saved, proceeding with charts
2025-07-16 10:23:13 [INFO] Subfocus 'Supply Chain' specified - skipping industry chart download
2025-07-16 10:23:13 [INFO] Downloads folder already clean (no CSV files)
2025-07-16 10:23:21 [INFO] Modify search button clicked
2025-07-16 10:23:21 [INFO] Next iteration update complete
2025-07-16 10:23:21 [INFO] Completed task for All from 2017-06-01 to 2017-06-30
2025-07-16 10:23:21 [INFO] Task status updated to 1 for All/Supply Chain 2017-06-01-2017-06-30
2025-07-16 10:23:21 [INFO] ✅ Task marked as completed for All/Supply Chain
2025-07-16 10:23:21 [INFO] ✅ Task 43/1159 completed
2025-07-16 10:23:21 [INFO] Running task for industry: All and subfocus: None, from 2017-07-01 to 2017-07-31
2025-07-16 10:23:21 [INFO] Task 44/1159: All/None 2017-07-01-2017-07-31
2025-07-16 10:23:21 [INFO] Starting scraper task for All from 2017-07-01 to 2017-07-31
2025-07-16 10:23:21 [INFO] Next iteration: updating parameters
2025-07-16 10:23:21 [INFO] Setting date range: 2017-07-01 to 2017-07-31
2025-07-16 10:23:22 [INFO] Date range fields updated
2025-07-16 10:23:22 [INFO] Industry unchanged: All
2025-07-16 10:23:22 [INFO] Subfocus changed from Supply Chain to None
2025-07-16 10:23:22 [INFO] Reverting to broad subject categories
2025-07-16 10:23:22 [INFO] Current search text: rst=topuk AND la=en AND re=UK AND ns=cscm
2025-07-16 10:23:22 [INFO] Set search text to: rst=topuk AND la=en AND re=UK AND (ns=ccat OR ns=ecat OR ns=mcat)
2025-07-16 10:23:34 [INFO] Search button clicked
2025-07-16 10:23:34 [INFO] Results found: 9438
2025-07-16 10:23:38 [INFO] Results saved to /Users/federicopessina/Library/CloudStorage/Dropbox/Work/UCL PhD/Research/Firm_Attention/2. Data/monthly/factiva_results/All/no_subfocus/2017-07-01_to_2017-07-31.csv
2025-07-16 10:23:38 [INFO] Found 9438 results - CSV saved, proceeding with charts
2025-07-16 10:23:48 [INFO] Downloads folder already clean (no CSV files)
2025-07-16 10:23:57 [INFO] Modify search button clicked
2025-07-16 10:23:57 [INFO] Next iteration update complete
2025-07-16 10:23:57 [INFO] Completed task for All from 2017-07-01 to 2017-07-31
2025-07-16 10:23:57 [INFO] Task status updated to 1 for All/None 2017-07-01-2017-07-31
2025-07-16 10:23:57 [INFO] ✅ Task marked as completed for All/None
2025-07-16 10:23:57 [INFO] ✅ Task 44/1159 completed
2025-07-16 10:23:57 [INFO] Running task for industry: All and subfocus: Tariffs, from 2017-07-01 to 2017-07-31
2025-07-16 10:23:57 [INFO] Task 45/1159: All/Tariffs 2017-07-01-2017-07-31
2025-07-16 10:23:57 [INFO] Starting scraper task for All from 2017-07-01 to 2017-07-31
2025-07-16 10:23:57 [INFO] Next iteration: updating parameters
2025-07-16 10:23:57 [INFO] Setting date range: 2017-07-01 to 2017-07-31
2025-07-16 10:23:57 [INFO] Date range fields updated
2025-07-16 10:23:57 [INFO] Industry unchanged: All
2025-07-16 10:23:57 [INFO] Subfocus changed from None to Tariffs
2025-07-16 10:23:57 [INFO] Current search text: rst=topuk AND la=en AND re=UK AND (ns=ccat OR ns=ecat OR ns=mcat)
2025-07-16 10:23:57 [INFO] Set subfocus filter for: Tariffs (ns=gtrade)
2025-07-16 10:23:57 [INFO] Set search text to: rst=topuk AND la=en AND re=UK AND ns=gtrade
2025-07-16 10:24:09 [INFO] Search button clicked
2025-07-16 10:24:10 [INFO] Results found: 52
2025-07-16 10:24:14 [INFO] Results saved to /Users/federicopessina/Library/CloudStorage/Dropbox/Work/UCL PhD/Research/Firm_Attention/2. Data/monthly/factiva_results/All/Tariffs/2017-07-01_to_2017-07-31.csv
2025-07-16 10:24:14 [INFO] Found 52 results - CSV saved, proceeding with charts
2025-07-16 10:24:20 [INFO] Subfocus 'Tariffs' specified - skipping industry chart download
2025-07-16 10:24:20 [INFO] Downloads folder already clean (no CSV files)
2025-07-16 10:24:28 [INFO] Modify search button clicked
2025-07-16 10:24:28 [INFO] Next iteration update complete
2025-07-16 10:24:28 [INFO] Completed task for All from 2017-07-01 to 2017-07-31
2025-07-16 10:24:28 [INFO] Task status updated to 1 for All/Tariffs 2017-07-01-2017-07-31
2025-07-16 10:24:28 [INFO] ✅ Task marked as completed for All/Tariffs
2025-07-16 10:24:28 [INFO] ✅ Task 45/1159 completed
2025-07-16 10:24:28 [INFO] Running task for industry: All and subfocus: Supply Chain, from 2017-07-01 to 2017-07-31
2025-07-16 10:24:28 [INFO] Task 46/1159: All/Supply Chain 2017-07-01-2017-07-31
2025-07-16 10:24:28 [INFO] Starting scraper task for All from 2017-07-01 to 2017-07-31
2025-07-16 10:24:28 [INFO] Next iteration: updating parameters
2025-07-16 10:24:28 [INFO] Setting date range: 2017-07-01 to 2017-07-31
2025-07-16 10:24:28 [INFO] Date range fields updated
2025-07-16 10:24:28 [INFO] Industry unchanged: All
2025-07-16 10:24:28 [INFO] Subfocus changed from Tariffs to Supply Chain
2025-07-16 10:24:28 [INFO] Current search text: rst=topuk AND la=en AND re=UK AND ns=gtrade
2025-07-16 10:24:28 [INFO] Set subfocus filter for: Supply Chain (ns=cscm)
2025-07-16 10:24:28 [INFO] Set search text to: rst=topuk AND la=en AND re=UK AND ns=cscm
2025-07-16 10:24:40 [INFO] Search button clicked
2025-07-16 10:24:41 [INFO] Results found: 1
2025-07-16 10:24:45 [INFO] Results saved to /Users/federicopessina/Library/CloudStorage/Dropbox/Work/UCL PhD/Research/Firm_Attention/2. Data/monthly/factiva_results/All/Supply Chain/2017-07-01_to_2017-07-31.csv
2025-07-16 10:24:45 [INFO] Found 1 results - CSV saved, proceeding with charts
2025-07-16 10:24:45 [INFO] Downloads folder already clean (no CSV files)
2025-07-16 10:24:53 [INFO] Modify search button clicked
2025-07-16 10:24:53 [INFO] Next iteration update complete
2025-07-16 10:24:53 [INFO] Completed task for All from 2017-07-01 to 2017-07-31
2025-07-16 10:24:53 [INFO] Task status updated to 1 for All/Supply Chain 2017-07-01-2017-07-31
2025-07-16 10:24:53 [INFO] ✅ Task marked as completed for All/Supply Chain
2025-07-16 10:24:53 [INFO] ✅ Task 46/1159 completed
2025-07-16 10:24:53 [INFO] Running task for industry: All and subfocus: None, from 2017-08-01 to 2017-08-31
2025-07-16 10:24:53 [INFO] Task 47/1159: All/None 2017-08-01-2017-08-31
2025-07-16 10:24:53 [INFO] Starting scraper task for All from 2017-08-01 to 2017-08-31
2025-07-16 10:24:53 [INFO] Next iteration: updating parameters
2025-07-16 10:24:53 [INFO] Setting date range: 2017-08-01 to 2017-08-31
2025-07-16 10:24:53 [INFO] Date range fields updated
2025-07-16 10:24:53 [INFO] Industry unchanged: All
2025-07-16 10:24:53 [INFO] Subfocus changed from Supply Chain to None
2025-07-16 10:24:53 [INFO] Reverting to broad subject categories
2025-07-16 10:24:53 [INFO] Current search text: rst=topuk AND la=en AND re=UK AND ns=cscm
2025-07-16 10:24:53 [INFO] Set search text to: rst=topuk AND la=en AND re=UK AND (ns=ccat OR ns=ecat OR ns=mcat)
2025-07-16 10:25:05 [INFO] Search button clicked
2025-07-16 10:25:06 [INFO] Results found: 8207
2025-07-16 10:25:10 [INFO] Results saved to /Users/federicopessina/Library/CloudStorage/Dropbox/Work/UCL PhD/Research/Firm_Attention/2. Data/monthly/factiva_results/All/no_subfocus/2017-08-01_to_2017-08-31.csv
2025-07-16 10:25:10 [INFO] Found 8207 results - CSV saved, proceeding with charts
2025-07-16 10:25:19 [INFO] Downloads folder already clean (no CSV files)
2025-07-16 10:25:27 [INFO] Modify search button clicked
2025-07-16 10:25:27 [INFO] Next iteration update complete
2025-07-16 10:25:27 [INFO] Completed task for All from 2017-08-01 to 2017-08-31
2025-07-16 10:25:27 [INFO] Task status updated to 1 for All/None 2017-08-01-2017-08-31
2025-07-16 10:25:27 [INFO] ✅ Task marked as completed for All/None
2025-07-16 10:25:27 [INFO] ✅ Task 47/1159 completed
2025-07-16 10:25:27 [INFO] Running task for industry: All and subfocus: Tariffs, from 2017-08-01 to 2017-08-31
2025-07-16 10:25:27 [INFO] Task 48/1159: All/Tariffs 2017-08-01-2017-08-31
2025-07-16 10:25:27 [INFO] Starting scraper task for All from 2017-08-01 to 2017-08-31
2025-07-16 10:25:27 [INFO] Next iteration: updating parameters
2025-07-16 10:25:27 [INFO] Setting date range: 2017-08-01 to 2017-08-31
2025-07-16 10:25:28 [INFO] Date range fields updated
2025-07-16 10:25:28 [INFO] Industry unchanged: All
2025-07-16 10:25:28 [INFO] Subfocus changed from None to Tariffs
2025-07-16 10:25:28 [INFO] Current search text: rst=topuk AND la=en AND re=UK AND (ns=ccat OR ns=ecat OR ns=mcat)
2025-07-16 10:25:28 [INFO] Set subfocus filter for: Tariffs (ns=gtrade)
2025-07-16 10:25:28 [INFO] Set search text to: rst=topuk AND la=en AND re=UK AND ns=gtrade
2025-07-16 10:25:40 [INFO] Search button clicked
2025-07-16 10:25:40 [INFO] Results found: 48
2025-07-16 10:25:44 [INFO] Results saved to /Users/federicopessina/Library/CloudStorage/Dropbox/Work/UCL PhD/Research/Firm_Attention/2. Data/monthly/factiva_results/All/Tariffs/2017-08-01_to_2017-08-31.csv
2025-07-16 10:25:44 [INFO] Found 48 results - CSV saved, proceeding with charts
2025-07-16 10:25:52 [INFO] Subfocus 'Tariffs' specified - skipping industry chart download
2025-07-16 10:25:52 [INFO] Downloads folder already clean (no CSV files)
2025-07-16 10:26:00 [INFO] Modify search button clicked
2025-07-16 10:26:00 [INFO] Next iteration update complete
2025-07-16 10:26:00 [INFO] Completed task for All from 2017-08-01 to 2017-08-31
2025-07-16 10:26:00 [INFO] Task status updated to 1 for All/Tariffs 2017-08-01-2017-08-31
2025-07-16 10:26:00 [INFO] ✅ Task marked as completed for All/Tariffs
2025-07-16 10:26:00 [INFO] ✅ Task 48/1159 completed
2025-07-16 10:26:00 [INFO] Running task for industry: All and subfocus: Supply Chain, from 2017-08-01 to 2017-08-31
2025-07-16 10:26:00 [INFO] Task 49/1159: All/Supply Chain 2017-08-01-2017-08-31
2025-07-16 10:26:00 [INFO] Starting scraper task for All from 2017-08-01 to 2017-08-31
2025-07-16 10:26:00 [INFO] Next iteration: updating parameters
2025-07-16 10:26:00 [INFO] Setting date range: 2017-08-01 to 2017-08-31
2025-07-16 10:26:00 [INFO] Date range fields updated
2025-07-16 10:26:00 [INFO] Industry unchanged: All
2025-07-16 10:26:00 [INFO] Subfocus changed from Tariffs to Supply Chain
2025-07-16 10:26:00 [INFO] Current search text: rst=topuk AND la=en AND re=UK AND ns=gtrade
2025-07-16 10:26:00 [INFO] Set subfocus filter for: Supply Chain (ns=cscm)
2025-07-16 10:26:00 [INFO] Set search text to: rst=topuk AND la=en AND re=UK AND ns=cscm
2025-07-16 10:26:12 [INFO] Search button clicked
2025-07-16 10:26:13 [INFO] Results found: 3
2025-07-16 10:26:17 [INFO] Results saved to /Users/federicopessina/Library/CloudStorage/Dropbox/Work/UCL PhD/Research/Firm_Attention/2. Data/monthly/factiva_results/All/Supply Chain/2017-08-01_to_2017-08-31.csv
2025-07-16 10:26:17 [INFO] Found 3 results - CSV saved, proceeding with charts
2025-07-16 10:26:23 [INFO] Subfocus 'Supply Chain' specified - skipping industry chart download
2025-07-16 10:26:23 [INFO] Downloads folder already clean (no CSV files)
2025-07-16 10:26:31 [INFO] Modify search button clicked
2025-07-16 10:26:31 [INFO] Next iteration update complete
2025-07-16 10:26:31 [INFO] Completed task for All from 2017-08-01 to 2017-08-31
2025-07-16 10:26:31 [INFO] Task status updated to 1 for All/Supply Chain 2017-08-01-2017-08-31
2025-07-16 10:26:31 [INFO] ✅ Task marked as completed for All/Supply Chain
2025-07-16 10:26:31 [INFO] ✅ Task 49/1159 completed
2025-07-16 10:26:31 [INFO] Running task for industry: All and subfocus: None, from 2017-09-01 to 2017-09-30
2025-07-16 10:26:31 [INFO] Task 50/1159: All/None 2017-09-01-2017-09-30
2025-07-16 10:26:31 [INFO] Starting scraper task for All from 2017-09-01 to 2017-09-30
2025-07-16 10:26:31 [INFO] Next iteration: updating parameters
2025-07-16 10:26:31 [INFO] Setting date range: 2017-09-01 to 2017-09-30
2025-07-16 10:26:31 [INFO] Date range fields updated
2025-07-16 10:26:31 [INFO] Industry unchanged: All
2025-07-16 10:26:31 [INFO] Subfocus changed from Supply Chain to None
2025-07-16 10:26:31 [INFO] Reverting to broad subject categories
2025-07-16 10:26:31 [INFO] Current search text: rst=topuk AND la=en AND re=UK AND ns=cscm
2025-07-16 10:26:31 [INFO] Set search text to: rst=topuk AND la=en AND re=UK AND (ns=ccat OR ns=ecat OR ns=mcat)
2025-07-16 10:26:44 [INFO] Search button clicked
2025-07-16 10:26:44 [INFO] Results found: 8578
2025-07-16 10:26:48 [INFO] Results saved to /Users/federicopessina/Library/CloudStorage/Dropbox/Work/UCL PhD/Research/Firm_Attention/2. Data/monthly/factiva_results/All/no_subfocus/2017-09-01_to_2017-09-30.csv
2025-07-16 10:26:48 [INFO] Found 8578 results - CSV saved, proceeding with charts
2025-07-16 10:26:58 [INFO] Downloads folder already clean (no CSV files)
2025-07-16 10:27:06 [INFO] Modify search button clicked
2025-07-16 10:27:06 [INFO] Next iteration update complete
2025-07-16 10:27:06 [INFO] Completed task for All from 2017-09-01 to 2017-09-30
2025-07-16 10:27:06 [INFO] Task status updated to 1 for All/None 2017-09-01-2017-09-30
2025-07-16 10:27:06 [INFO] ✅ Task marked as completed for All/None
2025-07-16 10:27:06 [INFO] ✅ Task 50/1159 completed
2025-07-16 10:27:06 [INFO] Running task for industry: All and subfocus: Tariffs, from 2017-09-01 to 2017-09-30
2025-07-16 10:27:06 [INFO] Task 51/1159: All/Tariffs 2017-09-01-2017-09-30
2025-07-16 10:27:06 [INFO] Starting scraper task for All from 2017-09-01 to 2017-09-30
2025-07-16 10:27:06 [INFO] Next iteration: updating parameters
2025-07-16 10:27:06 [INFO] Setting date range: 2017-09-01 to 2017-09-30
2025-07-16 10:27:06 [INFO] Date range fields updated
2025-07-16 10:27:06 [INFO] Industry unchanged: All
2025-07-16 10:27:06 [INFO] Subfocus changed from None to Tariffs
2025-07-16 10:27:06 [INFO] Current search text: rst=topuk AND la=en AND re=UK AND (ns=ccat OR ns=ecat OR ns=mcat)
2025-07-16 10:27:06 [INFO] Set subfocus filter for: Tariffs (ns=gtrade)
2025-07-16 10:27:06 [INFO] Set search text to: rst=topuk AND la=en AND re=UK AND ns=gtrade
2025-07-16 10:27:18 [INFO] Search button clicked
2025-07-16 10:27:19 [INFO] Results found: 89
2025-07-16 10:27:23 [INFO] Results saved to /Users/federicopessina/Library/CloudStorage/Dropbox/Work/UCL PhD/Research/Firm_Attention/2. Data/monthly/factiva_results/All/Tariffs/2017-09-01_to_2017-09-30.csv
2025-07-16 10:27:23 [INFO] Found 89 results - CSV saved, proceeding with charts
2025-07-16 10:27:29 [INFO] Subfocus 'Tariffs' specified - skipping industry chart download
2025-07-16 10:27:29 [INFO] Downloads folder already clean (no CSV files)
2025-07-16 10:27:37 [INFO] Modify search button clicked
2025-07-16 10:27:37 [INFO] Next iteration update complete
2025-07-16 10:27:37 [INFO] Completed task for All from 2017-09-01 to 2017-09-30
2025-07-16 10:27:37 [INFO] Task status updated to 1 for All/Tariffs 2017-09-01-2017-09-30
2025-07-16 10:27:37 [INFO] ✅ Task marked as completed for All/Tariffs
2025-07-16 10:27:37 [INFO] ✅ Task 51/1159 completed
2025-07-16 10:27:37 [INFO] Running task for industry: All and subfocus: Supply Chain, from 2017-09-01 to 2017-09-30
2025-07-16 10:27:37 [INFO] Task 52/1159: All/Supply Chain 2017-09-01-2017-09-30
2025-07-16 10:27:37 [INFO] Starting scraper task for All from 2017-09-01 to 2017-09-30
2025-07-16 10:27:37 [INFO] Next iteration: updating parameters
2025-07-16 10:27:37 [INFO] Setting date range: 2017-09-01 to 2017-09-30
2025-07-16 10:27:37 [INFO] Date range fields updated
2025-07-16 10:27:37 [INFO] Industry unchanged: All
2025-07-16 10:27:37 [INFO] Subfocus changed from Tariffs to Supply Chain
2025-07-16 10:27:37 [INFO] Current search text: rst=topuk AND la=en AND re=UK AND ns=gtrade
2025-07-16 10:27:37 [INFO] Set subfocus filter for: Supply Chain (ns=cscm)
2025-07-16 10:27:37 [INFO] Set search text to: rst=topuk AND la=en AND re=UK AND ns=cscm
2025-07-16 10:27:49 [INFO] Search button clicked
2025-07-16 10:27:50 [INFO] Results found: 5
2025-07-16 10:27:54 [INFO] Results saved to /Users/federicopessina/Library/CloudStorage/Dropbox/Work/UCL PhD/Research/Firm_Attention/2. Data/monthly/factiva_results/All/Supply Chain/2017-09-01_to_2017-09-30.csv
2025-07-16 10:27:54 [INFO] Found 5 results - CSV saved, proceeding with charts
2025-07-16 10:28:00 [INFO] Subfocus 'Supply Chain' specified - skipping industry chart download
2025-07-16 10:28:00 [INFO] Downloads folder already clean (no CSV files)
2025-07-16 10:28:08 [INFO] Modify search button clicked
2025-07-16 10:28:08 [INFO] Next iteration update complete
2025-07-16 10:28:08 [INFO] Completed task for All from 2017-09-01 to 2017-09-30
2025-07-16 10:28:08 [INFO] Task status updated to 1 for All/Supply Chain 2017-09-01-2017-09-30
2025-07-16 10:28:08 [INFO] ✅ Task marked as completed for All/Supply Chain
2025-07-16 10:28:08 [INFO] ✅ Task 52/1159 completed
2025-07-16 10:28:08 [INFO] Running task for industry: All and subfocus: None, from 2017-10-01 to 2017-10-31
2025-07-16 10:28:08 [INFO] Task 53/1159: All/None 2017-10-01-2017-10-31
2025-07-16 10:28:08 [INFO] Starting scraper task for All from 2017-10-01 to 2017-10-31
2025-07-16 10:28:08 [INFO] Next iteration: updating parameters
2025-07-16 10:28:08 [INFO] Setting date range: 2017-10-01 to 2017-10-31
2025-07-16 10:28:08 [INFO] Date range fields updated
2025-07-16 10:28:08 [INFO] Industry unchanged: All
2025-07-16 10:28:08 [INFO] Subfocus changed from Supply Chain to None
2025-07-16 10:28:08 [INFO] Reverting to broad subject categories
2025-07-16 10:28:08 [INFO] Current search text: rst=topuk AND la=en AND re=UK AND ns=cscm
2025-07-16 10:28:08 [INFO] Set search text to: rst=topuk AND la=en AND re=UK AND (ns=ccat OR ns=ecat OR ns=mcat)
2025-07-16 10:28:20 [INFO] Search button clicked
2025-07-16 10:28:21 [INFO] Results found: 9690
2025-07-16 10:28:25 [INFO] Results saved to /Users/federicopessina/Library/CloudStorage/Dropbox/Work/UCL PhD/Research/Firm_Attention/2. Data/monthly/factiva_results/All/no_subfocus/2017-10-01_to_2017-10-31.csv
2025-07-16 10:28:25 [INFO] Found 9690 results - CSV saved, proceeding with charts
2025-07-16 10:28:36 [INFO] Downloads folder already clean (no CSV files)
2025-07-16 10:28:44 [INFO] Modify search button clicked
2025-07-16 10:28:44 [INFO] Next iteration update complete
2025-07-16 10:28:44 [INFO] Completed task for All from 2017-10-01 to 2017-10-31
2025-07-16 10:28:44 [INFO] Task status updated to 1 for All/None 2017-10-01-2017-10-31
2025-07-16 10:28:44 [INFO] ✅ Task marked as completed for All/None
2025-07-16 10:28:44 [INFO] ✅ Task 53/1159 completed
2025-07-16 10:28:44 [INFO] Running task for industry: All and subfocus: Tariffs, from 2017-10-01 to 2017-10-31
2025-07-16 10:28:44 [INFO] Task 54/1159: All/Tariffs 2017-10-01-2017-10-31
2025-07-16 10:28:44 [INFO] Starting scraper task for All from 2017-10-01 to 2017-10-31
2025-07-16 10:28:44 [INFO] Next iteration: updating parameters
2025-07-16 10:28:44 [INFO] Setting date range: 2017-10-01 to 2017-10-31
2025-07-16 10:28:44 [INFO] Date range fields updated
2025-07-16 10:28:44 [INFO] Industry unchanged: All
2025-07-16 10:28:44 [INFO] Subfocus changed from None to Tariffs
2025-07-16 10:28:44 [INFO] Current search text: rst=topuk AND la=en AND re=UK AND (ns=ccat OR ns=ecat OR ns=mcat)
2025-07-16 10:28:44 [INFO] Set subfocus filter for: Tariffs (ns=gtrade)
2025-07-16 10:28:44 [INFO] Set search text to: rst=topuk AND la=en AND re=UK AND ns=gtrade
2025-07-16 10:28:56 [INFO] Search button clicked
2025-07-16 10:28:57 [INFO] Results found: 71
2025-07-16 10:29:01 [INFO] Results saved to /Users/federicopessina/Library/CloudStorage/Dropbox/Work/UCL PhD/Research/Firm_Attention/2. Data/monthly/factiva_results/All/Tariffs/2017-10-01_to_2017-10-31.csv
2025-07-16 10:29:01 [INFO] Found 71 results - CSV saved, proceeding with charts
2025-07-16 10:29:09 [INFO] Subfocus 'Tariffs' specified - skipping industry chart download
2025-07-16 10:29:09 [INFO] Downloads folder already clean (no CSV files)
2025-07-16 10:29:17 [INFO] Modify search button clicked
2025-07-16 10:29:17 [INFO] Next iteration update complete
2025-07-16 10:29:17 [INFO] Completed task for All from 2017-10-01 to 2017-10-31
2025-07-16 10:29:17 [INFO] Task status updated to 1 for All/Tariffs 2017-10-01-2017-10-31
2025-07-16 10:29:17 [INFO] ✅ Task marked as completed for All/Tariffs
2025-07-16 10:29:17 [INFO] ✅ Task 54/1159 completed
2025-07-16 10:29:17 [INFO] Running task for industry: All and subfocus: Supply Chain, from 2017-10-01 to 2017-10-31
2025-07-16 10:29:17 [INFO] Task 55/1159: All/Supply Chain 2017-10-01-2017-10-31
2025-07-16 10:29:17 [INFO] Starting scraper task for All from 2017-10-01 to 2017-10-31
2025-07-16 10:29:17 [INFO] Next iteration: updating parameters
2025-07-16 10:29:17 [INFO] Setting date range: 2017-10-01 to 2017-10-31
2025-07-16 10:29:18 [INFO] Date range fields updated
2025-07-16 10:29:18 [INFO] Industry unchanged: All
2025-07-16 10:29:18 [INFO] Subfocus changed from Tariffs to Supply Chain
2025-07-16 10:29:18 [INFO] Current search text: rst=topuk AND la=en AND re=UK AND ns=gtrade
2025-07-16 10:29:18 [INFO] Set subfocus filter for: Supply Chain (ns=cscm)
2025-07-16 10:29:18 [INFO] Set search text to: rst=topuk AND la=en AND re=UK AND ns=cscm
2025-07-16 10:29:30 [INFO] Search button clicked
2025-07-16 10:29:30 [INFO] Results found: 12
2025-07-16 10:29:34 [INFO] Results saved to /Users/federicopessina/Library/CloudStorage/Dropbox/Work/UCL PhD/Research/Firm_Attention/2. Data/monthly/factiva_results/All/Supply Chain/2017-10-01_to_2017-10-31.csv
2025-07-16 10:29:34 [INFO] Found 12 results - CSV saved, proceeding with charts
2025-07-16 10:29:40 [INFO] Subfocus 'Supply Chain' specified - skipping industry chart download
2025-07-16 10:29:40 [INFO] Downloads folder already clean (no CSV files)
2025-07-16 10:29:48 [INFO] Modify search button clicked
2025-07-16 10:29:48 [INFO] Next iteration update complete
2025-07-16 10:29:48 [INFO] Completed task for All from 2017-10-01 to 2017-10-31
2025-07-16 10:29:48 [INFO] Task status updated to 1 for All/Supply Chain 2017-10-01-2017-10-31
2025-07-16 10:29:48 [INFO] ✅ Task marked as completed for All/Supply Chain
2025-07-16 10:29:48 [INFO] ✅ Task 55/1159 completed
2025-07-16 10:29:48 [INFO] Running task for industry: All and subfocus: None, from 2017-11-01 to 2017-11-30
2025-07-16 10:29:48 [INFO] Task 56/1159: All/None 2017-11-01-2017-11-30
2025-07-16 10:29:48 [INFO] Starting scraper task for All from 2017-11-01 to 2017-11-30
2025-07-16 10:29:48 [INFO] Next iteration: updating parameters
2025-07-16 10:29:48 [INFO] Setting date range: 2017-11-01 to 2017-11-30
2025-07-16 10:29:49 [INFO] Date range fields updated
2025-07-16 10:29:49 [INFO] Industry unchanged: All
2025-07-16 10:29:49 [INFO] Subfocus changed from Supply Chain to None
2025-07-16 10:29:49 [INFO] Reverting to broad subject categories
2025-07-16 10:29:49 [INFO] Current search text: rst=topuk AND la=en AND re=UK AND ns=cscm
2025-07-16 10:29:49 [INFO] Set search text to: rst=topuk AND la=en AND re=UK AND (ns=ccat OR ns=ecat OR ns=mcat)
2025-07-16 10:30:01 [INFO] Search button clicked
2025-07-16 10:30:01 [INFO] Results found: 11746
2025-07-16 10:30:05 [INFO] Results saved to /Users/federicopessina/Library/CloudStorage/Dropbox/Work/UCL PhD/Research/Firm_Attention/2. Data/monthly/factiva_results/All/no_subfocus/2017-11-01_to_2017-11-30.csv
2025-07-16 10:30:05 [INFO] Found 11746 results - CSV saved, proceeding with charts
2025-07-16 10:30:14 [INFO] Downloads folder already clean (no CSV files)
2025-07-16 10:30:22 [INFO] Modify search button clicked
2025-07-16 10:30:22 [INFO] Next iteration update complete
2025-07-16 10:30:22 [INFO] Completed task for All from 2017-11-01 to 2017-11-30
2025-07-16 10:30:22 [INFO] Task status updated to 1 for All/None 2017-11-01-2017-11-30
2025-07-16 10:30:22 [INFO] ✅ Task marked as completed for All/None
2025-07-16 10:30:22 [INFO] ✅ Task 56/1159 completed
2025-07-16 10:30:22 [INFO] Running task for industry: All and subfocus: Tariffs, from 2017-11-01 to 2017-11-30
2025-07-16 10:30:22 [INFO] Task 57/1159: All/Tariffs 2017-11-01-2017-11-30
2025-07-16 10:30:22 [INFO] Starting scraper task for All from 2017-11-01 to 2017-11-30
2025-07-16 10:30:22 [INFO] Next iteration: updating parameters
2025-07-16 10:30:22 [INFO] Setting date range: 2017-11-01 to 2017-11-30
2025-07-16 10:30:23 [INFO] Date range fields updated
2025-07-16 10:30:23 [INFO] Industry unchanged: All
2025-07-16 10:30:23 [INFO] Subfocus changed from None to Tariffs
2025-07-16 10:30:23 [INFO] Current search text: rst=topuk AND la=en AND re=UK AND (ns=ccat OR ns=ecat OR ns=mcat)
2025-07-16 10:30:23 [INFO] Set subfocus filter for: Tariffs (ns=gtrade)
2025-07-16 10:30:23 [INFO] Set search text to: rst=topuk AND la=en AND re=UK AND ns=gtrade
2025-07-16 10:30:35 [INFO] Search button clicked
2025-07-16 10:30:35 [INFO] Results found: 57
2025-07-16 10:30:39 [INFO] Results saved to /Users/federicopessina/Library/CloudStorage/Dropbox/Work/UCL PhD/Research/Firm_Attention/2. Data/monthly/factiva_results/All/Tariffs/2017-11-01_to_2017-11-30.csv
2025-07-16 10:30:39 [INFO] Found 57 results - CSV saved, proceeding with charts
2025-07-16 10:30:45 [INFO] Subfocus 'Tariffs' specified - skipping industry chart download
2025-07-16 10:30:45 [INFO] Downloads folder already clean (no CSV files)
2025-07-16 10:30:54 [INFO] Modify search button clicked
2025-07-16 10:30:54 [INFO] Next iteration update complete
2025-07-16 10:30:54 [INFO] Completed task for All from 2017-11-01 to 2017-11-30
2025-07-16 10:30:54 [INFO] Task status updated to 1 for All/Tariffs 2017-11-01-2017-11-30
2025-07-16 10:30:54 [INFO] ✅ Task marked as completed for All/Tariffs
2025-07-16 10:30:54 [INFO] ✅ Task 57/1159 completed
2025-07-16 10:30:54 [INFO] Running task for industry: All and subfocus: Supply Chain, from 2017-11-01 to 2017-11-30
2025-07-16 10:30:54 [INFO] Task 58/1159: All/Supply Chain 2017-11-01-2017-11-30
2025-07-16 10:30:54 [INFO] Starting scraper task for All from 2017-11-01 to 2017-11-30
2025-07-16 10:30:54 [INFO] Next iteration: updating parameters
2025-07-16 10:30:54 [INFO] Setting date range: 2017-11-01 to 2017-11-30
2025-07-16 10:30:54 [INFO] Date range fields updated
2025-07-16 10:30:54 [INFO] Industry unchanged: All
2025-07-16 10:30:54 [INFO] Subfocus changed from Tariffs to Supply Chain
2025-07-16 10:30:54 [INFO] Current search text: rst=topuk AND la=en AND re=UK AND ns=gtrade
2025-07-16 10:30:54 [INFO] Set subfocus filter for: Supply Chain (ns=cscm)
2025-07-16 10:30:54 [INFO] Set search text to: rst=topuk AND la=en AND re=UK AND ns=cscm
2025-07-16 10:31:06 [INFO] Search button clicked
2025-07-16 10:31:07 [INFO] Results found: 20
2025-07-16 10:31:11 [INFO] Results saved to /Users/federicopessina/Library/CloudStorage/Dropbox/Work/UCL PhD/Research/Firm_Attention/2. Data/monthly/factiva_results/All/Supply Chain/2017-11-01_to_2017-11-30.csv
2025-07-16 10:31:11 [INFO] Found 20 results - CSV saved, proceeding with charts
2025-07-16 10:31:17 [INFO] Subfocus 'Supply Chain' specified - skipping industry chart download
2025-07-16 10:31:17 [INFO] Downloads folder already clean (no CSV files)
2025-07-16 10:31:25 [INFO] Modify search button clicked
2025-07-16 10:31:25 [INFO] Next iteration update complete
2025-07-16 10:31:25 [INFO] Completed task for All from 2017-11-01 to 2017-11-30
2025-07-16 10:31:25 [INFO] Task status updated to 1 for All/Supply Chain 2017-11-01-2017-11-30
2025-07-16 10:31:25 [INFO] ✅ Task marked as completed for All/Supply Chain
2025-07-16 10:31:25 [INFO] ✅ Task 58/1159 completed
2025-07-16 10:31:25 [INFO] Running task for industry: All and subfocus: None, from 2017-12-01 to 2017-12-31
2025-07-16 10:31:25 [INFO] Task 59/1159: All/None 2017-12-01-2017-12-31
2025-07-16 10:31:25 [INFO] Starting scraper task for All from 2017-12-01 to 2017-12-31
2025-07-16 10:31:25 [INFO] Next iteration: updating parameters
2025-07-16 10:31:25 [INFO] Setting date range: 2017-12-01 to 2017-12-31
2025-07-16 10:31:26 [INFO] Date range fields updated
2025-07-16 10:31:26 [INFO] Industry unchanged: All
2025-07-16 10:31:26 [INFO] Subfocus changed from Supply Chain to None
2025-07-16 10:31:26 [INFO] Reverting to broad subject categories
2025-07-16 10:31:26 [INFO] Current search text: rst=topuk AND la=en AND re=UK AND ns=cscm
2025-07-16 10:31:26 [INFO] Set search text to: rst=topuk AND la=en AND re=UK AND (ns=ccat OR ns=ecat OR ns=mcat)
2025-07-16 10:31:38 [INFO] Search button clicked
2025-07-16 10:31:38 [INFO] Results found: 9052
2025-07-16 10:31:42 [INFO] Results saved to /Users/federicopessina/Library/CloudStorage/Dropbox/Work/UCL PhD/Research/Firm_Attention/2. Data/monthly/factiva_results/All/no_subfocus/2017-12-01_to_2017-12-31.csv
2025-07-16 10:31:42 [INFO] Found 9052 results - CSV saved, proceeding with charts
2025-07-16 10:31:53 [INFO] Downloads folder already clean (no CSV files)
2025-07-16 10:32:01 [INFO] Modify search button clicked
2025-07-16 10:32:01 [INFO] Next iteration update complete
2025-07-16 10:32:01 [INFO] Completed task for All from 2017-12-01 to 2017-12-31
2025-07-16 10:32:01 [INFO] Task status updated to 1 for All/None 2017-12-01-2017-12-31
2025-07-16 10:32:01 [INFO] ✅ Task marked as completed for All/None
2025-07-16 10:32:01 [INFO] ✅ Task 59/1159 completed
2025-07-16 10:32:01 [INFO] Running task for industry: All and subfocus: Tariffs, from 2017-12-01 to 2017-12-31
2025-07-16 10:32:01 [INFO] Task 60/1159: All/Tariffs 2017-12-01-2017-12-31
2025-07-16 10:32:01 [INFO] Starting scraper task for All from 2017-12-01 to 2017-12-31
2025-07-16 10:32:01 [INFO] Next iteration: updating parameters
2025-07-16 10:32:01 [INFO] Setting date range: 2017-12-01 to 2017-12-31
2025-07-16 10:32:02 [INFO] Date range fields updated
2025-07-16 10:32:02 [INFO] Industry unchanged: All
2025-07-16 10:32:02 [INFO] Subfocus changed from None to Tariffs
2025-07-16 10:32:02 [INFO] Current search text: rst=topuk AND la=en AND re=UK AND (ns=ccat OR ns=ecat OR ns=mcat)
2025-07-16 10:32:02 [INFO] Set subfocus filter for: Tariffs (ns=gtrade)
2025-07-16 10:32:02 [INFO] Set search text to: rst=topuk AND la=en AND re=UK AND ns=gtrade
2025-07-16 10:32:14 [INFO] Search button clicked
2025-07-16 10:32:14 [INFO] Results found: 48
2025-07-16 10:32:18 [INFO] Results saved to /Users/federicopessina/Library/CloudStorage/Dropbox/Work/UCL PhD/Research/Firm_Attention/2. Data/monthly/factiva_results/All/Tariffs/2017-12-01_to_2017-12-31.csv
2025-07-16 10:32:18 [INFO] Found 48 results - CSV saved, proceeding with charts
2025-07-16 10:32:24 [INFO] Subfocus 'Tariffs' specified - skipping industry chart download
2025-07-16 10:32:24 [INFO] Downloads folder already clean (no CSV files)
2025-07-16 10:32:32 [INFO] Modify search button clicked
2025-07-16 10:32:32 [INFO] Next iteration update complete
2025-07-16 10:32:32 [INFO] Completed task for All from 2017-12-01 to 2017-12-31
2025-07-16 10:32:32 [INFO] Task status updated to 1 for All/Tariffs 2017-12-01-2017-12-31
2025-07-16 10:32:32 [INFO] ✅ Task marked as completed for All/Tariffs
2025-07-16 10:32:32 [INFO] ✅ Task 60/1159 completed
2025-07-16 10:32:32 [INFO] Running task for industry: All and subfocus: Supply Chain, from 2017-12-01 to 2017-12-31
2025-07-16 10:32:32 [INFO] Task 61/1159: All/Supply Chain 2017-12-01-2017-12-31
2025-07-16 10:32:32 [INFO] Starting scraper task for All from 2017-12-01 to 2017-12-31
2025-07-16 10:32:32 [INFO] Next iteration: updating parameters
2025-07-16 10:32:32 [INFO] Setting date range: 2017-12-01 to 2017-12-31
2025-07-16 10:32:33 [INFO] Date range fields updated
2025-07-16 10:32:33 [INFO] Industry unchanged: All
2025-07-16 10:32:33 [INFO] Subfocus changed from Tariffs to Supply Chain
2025-07-16 10:32:33 [INFO] Current search text: rst=topuk AND la=en AND re=UK AND ns=gtrade
2025-07-16 10:32:33 [INFO] Set subfocus filter for: Supply Chain (ns=cscm)
2025-07-16 10:32:33 [INFO] Set search text to: rst=topuk AND la=en AND re=UK AND ns=cscm
2025-07-16 10:32:45 [INFO] Search button clicked
2025-07-16 10:32:45 [INFO] Results found: 4
2025-07-16 10:32:49 [INFO] Results saved to /Users/federicopessina/Library/CloudStorage/Dropbox/Work/UCL PhD/Research/Firm_Attention/2. Data/monthly/factiva_results/All/Supply Chain/2017-12-01_to_2017-12-31.csv
2025-07-16 10:32:49 [INFO] Found 4 results - CSV saved, proceeding with charts
2025-07-16 10:32:56 [INFO] Subfocus 'Supply Chain' specified - skipping industry chart download
2025-07-16 10:32:56 [INFO] Downloads folder already clean (no CSV files)
2025-07-16 10:33:04 [INFO] Modify search button clicked
2025-07-16 10:33:04 [INFO] Next iteration update complete
2025-07-16 10:33:04 [INFO] Completed task for All from 2017-12-01 to 2017-12-31
2025-07-16 10:33:04 [INFO] Task status updated to 1 for All/Supply Chain 2017-12-01-2017-12-31
2025-07-16 10:33:04 [INFO] ✅ Task marked as completed for All/Supply Chain
2025-07-16 10:33:04 [INFO] ✅ Task 61/1159 completed
2025-07-16 10:33:04 [INFO] Running task for industry: All and subfocus: None, from 2018-01-01 to 2018-01-31
2025-07-16 10:33:04 [INFO] Task 62/1159: All/None 2018-01-01-2018-01-31
2025-07-16 10:33:04 [INFO] Starting scraper task for All from 2018-01-01 to 2018-01-31
2025-07-16 10:33:04 [INFO] Next iteration: updating parameters
2025-07-16 10:33:04 [INFO] Setting date range: 2018-01-01 to 2018-01-31
2025-07-16 10:33:04 [ERROR] Error processing task for All/None from 2018-01-01 to 2018-01-31: Message: no such window: target window already closed
from unknown error: web view not found
  (Session info: chrome=137.0.7151.69)
Stacktrace:
0   chromedriver                        0x00000001009943e0 cxxbridge1$str$ptr + 2829900
1   chromedriver                        0x000000010098c6a8 cxxbridge1$str$ptr + 2797844
2   chromedriver                        0x00000001004c9fbc cxxbridge1$string$len + 90140
3   chromedriver                        0x00000001004a4798 chromedriver + 133016
4   chromedriver                        0x0000000100539048 cxxbridge1$string$len + 544936
5   chromedriver                        0x0000000100551b50 cxxbridge1$string$len + 646064
6   chromedriver                        0x00000001005053f8 cxxbridge1$string$len + 332888
7   chromedriver                        0x0000000100958804 cxxbridge1$str$ptr + 2585200
8   chromedriver                        0x000000010095bad4 cxxbridge1$str$ptr + 2598208
9   chromedriver                        0x0000000100939dd8 cxxbridge1$str$ptr + 2459716
10  chromedriver                        0x000000010095c34c cxxbridge1$str$ptr + 2600376
11  chromedriver                        0x000000010092b664 cxxbridge1$str$ptr + 2400464
12  chromedriver                        0x000000010097c2b0 cxxbridge1$str$ptr + 2731292
13  chromedriver                        0x000000010097c43c cxxbridge1$str$ptr + 2731688
14  chromedriver                        0x000000010098c2f4 cxxbridge1$str$ptr + 2796896
15  libsystem_pthread.dylib             0x000000019d606c0c _pthread_start + 136
16  libsystem_pthread.dylib             0x000000019d601b80 thread_start + 8
Traceback (most recent call last):
  File "/Users/federicopessina/Repos/Factiva_data/src/scrape_utils.py", line 86, in change_date_range
    enter_range_option = WebDriverWait(driver, 5).until(
                         ^^^^^^^^^^^^^^^^^^^^^^^^^^^^^^^
  File "/Users/federicopessina/repos/data_science_env/lib/python3.12/site-packages/selenium/webdriver/support/wait.py", line 129, in until
    value = method(self._driver)
            ^^^^^^^^^^^^^^^^^^^^
  File "/Users/federicopessina/repos/data_science_env/lib/python3.12/site-packages/selenium/webdriver/support/expected_conditions.py", line 623, in _predicate
    element = visibility_of(target)(driver)
              ^^^^^^^^^^^^^^^^^^^^^^^^^^^^^
  File "/Users/federicopessina/repos/data_science_env/lib/python3.12/site-packages/selenium/webdriver/support/expected_conditions.py", line 252, in _predicate
    return _element_if_visible(element)
           ^^^^^^^^^^^^^^^^^^^^^^^^^^^^
  File "/Users/federicopessina/repos/data_science_env/lib/python3.12/site-packages/selenium/webdriver/support/expected_conditions.py", line 272, in _element_if_visible
    return element if element.is_displayed() == visibility else False
                      ^^^^^^^^^^^^^^^^^^^^
AttributeError: 'NoneType' object has no attribute 'is_displayed'

During handling of the above exception, another exception occurred:

Traceback (most recent call last):
  File "/Users/federicopessina/Repos/Factiva_data/main/factiva_scraper.py", line 210, in <module>
    run_scraper_tasks(industry,
  File "/Users/federicopessina/Repos/Factiva_data/src/scrape_utils.py", line 985, in run_scraper_tasks
    change_date_range(driver, start_date, end_date)
  File "/Users/federicopessina/Repos/Factiva_data/src/scrape_utils.py", line 92, in change_date_range
    date_dropdown.click()
  File "/Users/federicopessina/repos/data_science_env/lib/python3.12/site-packages/selenium/webdriver/remote/webelement.py", line 121, in click
    self._execute(Command.CLICK_ELEMENT)
  File "/Users/federicopessina/repos/data_science_env/lib/python3.12/site-packages/selenium/webdriver/remote/webelement.py", line 574, in _execute
    return self._parent.execute(command, params)
           ^^^^^^^^^^^^^^^^^^^^^^^^^^^^^^^^^^^^^
  File "/Users/federicopessina/repos/data_science_env/lib/python3.12/site-packages/selenium/webdriver/remote/webdriver.py", line 447, in execute
    self.error_handler.check_response(response)
  File "/Users/federicopessina/repos/data_science_env/lib/python3.12/site-packages/selenium/webdriver/remote/errorhandler.py", line 232, in check_response
    raise exception_class(message, screen, stacktrace)
selenium.common.exceptions.NoSuchWindowException: Message: no such window: target window already closed
from unknown error: web view not found
  (Session info: chrome=137.0.7151.69)
Stacktrace:
0   chromedriver                        0x00000001009943e0 cxxbridge1$str$ptr + 2829900
1   chromedriver                        0x000000010098c6a8 cxxbridge1$str$ptr + 2797844
2   chromedriver                        0x00000001004c9fbc cxxbridge1$string$len + 90140
3   chromedriver                        0x00000001004a4798 chromedriver + 133016
4   chromedriver                        0x0000000100539048 cxxbridge1$string$len + 544936
5   chromedriver                        0x0000000100551b50 cxxbridge1$string$len + 646064
6   chromedriver                        0x00000001005053f8 cxxbridge1$string$len + 332888
7   chromedriver                        0x0000000100958804 cxxbridge1$str$ptr + 2585200
8   chromedriver                        0x000000010095bad4 cxxbridge1$str$ptr + 2598208
9   chromedriver                        0x0000000100939dd8 cxxbridge1$str$ptr + 2459716
10  chromedriver                        0x000000010095c34c cxxbridge1$str$ptr + 2600376
11  chromedriver                        0x000000010092b664 cxxbridge1$str$ptr + 2400464
12  chromedriver                        0x000000010097c2b0 cxxbridge1$str$ptr + 2731292
13  chromedriver                        0x000000010097c43c cxxbridge1$str$ptr + 2731688
14  chromedriver                        0x000000010098c2f4 cxxbridge1$str$ptr + 2796896
15  libsystem_pthread.dylib             0x000000019d606c0c _pthread_start + 136
16  libsystem_pthread.dylib             0x000000019d601b80 thread_start + 8

2025-07-16 10:33:04 [INFO] Attempting to navigate back to original page...
2025-07-16 10:33:04 [ERROR] Failed to reset browser state: Message: no such window: target window already closed
from unknown error: web view not found
  (Session info: chrome=137.0.7151.69)
Stacktrace:
0   chromedriver                        0x00000001009943e0 cxxbridge1$str$ptr + 2829900
1   chromedriver                        0x000000010098c6a8 cxxbridge1$str$ptr + 2797844
2   chromedriver                        0x00000001004c9fbc cxxbridge1$string$len + 90140
3   chromedriver                        0x00000001004a4798 chromedriver + 133016
4   chromedriver                        0x0000000100539048 cxxbridge1$string$len + 544936
5   chromedriver                        0x0000000100551b50 cxxbridge1$string$len + 646064
6   chromedriver                        0x00000001005053f8 cxxbridge1$string$len + 332888
7   chromedriver                        0x0000000100958804 cxxbridge1$str$ptr + 2585200
8   chromedriver                        0x000000010095bad4 cxxbridge1$str$ptr + 2598208
9   chromedriver                        0x0000000100939dd8 cxxbridge1$str$ptr + 2459716
10  chromedriver                        0x000000010095c34c cxxbridge1$str$ptr + 2600376
11  chromedriver                        0x000000010092b664 cxxbridge1$str$ptr + 2400464
12  chromedriver                        0x000000010097c2b0 cxxbridge1$str$ptr + 2731292
13  chromedriver                        0x000000010097c43c cxxbridge1$str$ptr + 2731688
14  chromedriver                        0x000000010098c2f4 cxxbridge1$str$ptr + 2796896
15  libsystem_pthread.dylib             0x000000019d606c0c _pthread_start + 136
16  libsystem_pthread.dylib             0x000000019d601b80 thread_start + 8

2025-07-16 10:33:07 [INFO] ✅ Successfully reinitialized driver
2025-07-16 10:33:07 [INFO] Task status updated to -1 for All/None 2018-01-01-2018-01-31
2025-07-16 10:33:07 [INFO] Running task for industry: All and subfocus: None, from 2018-01-01 to 2018-01-31
2025-07-16 10:33:07 [INFO] Task 63/1159: All/None 2018-01-01-2018-01-31
2025-07-16 10:33:07 [INFO] Starting scraper task for All from 2018-01-01 to 2018-01-31
2025-07-16 10:33:07 [INFO] First iteration: performing full setup
2025-07-16 10:33:07 [INFO] Setting date range: 2018-01-01 to 2018-01-31
2025-07-16 10:33:07 [WARNING] Retrying (Retry(total=2, connect=None, read=None, redirect=None, status=None)) after connection broken by 'NewConnectionError('<urllib3.connection.HTTPConnection object at 0x1071ca690>: Failed to establish a new connection: [Errno 61] Connection refused')': /session/1af00dd7898f2537ce15553fc31475e3/element
2025-07-16 10:33:07 [WARNING] Retrying (Retry(total=1, connect=None, read=None, redirect=None, status=None)) after connection broken by 'NewConnectionError('<urllib3.connection.HTTPConnection object at 0x1071ca8a0>: Failed to establish a new connection: [Errno 61] Connection refused')': /session/1af00dd7898f2537ce15553fc31475e3/element
2025-07-16 10:33:07 [WARNING] Retrying (Retry(total=0, connect=None, read=None, redirect=None, status=None)) after connection broken by 'NewConnectionError('<urllib3.connection.HTTPConnection object at 0x1071ca6c0>: Failed to establish a new connection: [Errno 61] Connection refused')': /session/1af00dd7898f2537ce15553fc31475e3/element
2025-07-16 10:33:07 [ERROR] Error processing task for All/None from 2018-01-01 to 2018-01-31: HTTPConnectionPool(host='localhost', port=62529): Max retries exceeded with url: /session/1af00dd7898f2537ce15553fc31475e3/element (Caused by NewConnectionError('<urllib3.connection.HTTPConnection object at 0x1071cab70>: Failed to establish a new connection: [Errno 61] Connection refused'))
Traceback (most recent call last):
  File "/Users/federicopessina/repos/data_science_env/lib/python3.12/site-packages/urllib3/connection.py", line 198, in _new_conn
    sock = connection.create_connection(
           ^^^^^^^^^^^^^^^^^^^^^^^^^^^^^
  File "/Users/federicopessina/repos/data_science_env/lib/python3.12/site-packages/urllib3/util/connection.py", line 85, in create_connection
    raise err
  File "/Users/federicopessina/repos/data_science_env/lib/python3.12/site-packages/urllib3/util/connection.py", line 73, in create_connection
    sock.connect(sa)
ConnectionRefusedError: [Errno 61] Connection refused

The above exception was the direct cause of the following exception:

Traceback (most recent call last):
  File "/Users/federicopessina/repos/data_science_env/lib/python3.12/site-packages/urllib3/connectionpool.py", line 787, in urlopen
    response = self._make_request(
               ^^^^^^^^^^^^^^^^^^^
  File "/Users/federicopessina/repos/data_science_env/lib/python3.12/site-packages/urllib3/connectionpool.py", line 493, in _make_request
    conn.request(
  File "/Users/federicopessina/repos/data_science_env/lib/python3.12/site-packages/urllib3/connection.py", line 445, in request
    self.endheaders()
  File "/Users/federicopessina/.pyenv/versions/3.12.0/lib/python3.12/http/client.py", line 1314, in endheaders
    self._send_output(message_body, encode_chunked=encode_chunked)
  File "/Users/federicopessina/.pyenv/versions/3.12.0/lib/python3.12/http/client.py", line 1074, in _send_output
    self.send(msg)
  File "/Users/federicopessina/.pyenv/versions/3.12.0/lib/python3.12/http/client.py", line 1018, in send
    self.connect()
  File "/Users/federicopessina/repos/data_science_env/lib/python3.12/site-packages/urllib3/connection.py", line 276, in connect
    self.sock = self._new_conn()
                ^^^^^^^^^^^^^^^^
  File "/Users/federicopessina/repos/data_science_env/lib/python3.12/site-packages/urllib3/connection.py", line 213, in _new_conn
    raise NewConnectionError(
urllib3.exceptions.NewConnectionError: <urllib3.connection.HTTPConnection object at 0x1071cab70>: Failed to establish a new connection: [Errno 61] Connection refused

The above exception was the direct cause of the following exception:

Traceback (most recent call last):
  File "/Users/federicopessina/Repos/Factiva_data/main/factiva_scraper.py", line 210, in <module>
    run_scraper_tasks(industry,
  File "/Users/federicopessina/Repos/Factiva_data/src/scrape_utils.py", line 935, in run_scraper_tasks
    change_date_range(driver,start_date,end_date)
  File "/Users/federicopessina/Repos/Factiva_data/src/scrape_utils.py", line 82, in change_date_range
    date_dropdown = wait.until(EC.element_to_be_clickable((By.ID, "dr")))
                    ^^^^^^^^^^^^^^^^^^^^^^^^^^^^^^^^^^^^^^^^^^^^^^^^^^^^^
  File "/Users/federicopessina/repos/data_science_env/lib/python3.12/site-packages/selenium/webdriver/support/wait.py", line 129, in until
    value = method(self._driver)
            ^^^^^^^^^^^^^^^^^^^^
  File "/Users/federicopessina/repos/data_science_env/lib/python3.12/site-packages/selenium/webdriver/support/expected_conditions.py", line 622, in _predicate
    target = driver.find_element(*target)  # grab element at locator
             ^^^^^^^^^^^^^^^^^^^^^^^^^^^^
  File "/Users/federicopessina/repos/data_science_env/lib/python3.12/site-packages/selenium/webdriver/remote/webdriver.py", line 914, in find_element
    return self.execute(Command.FIND_ELEMENT, {"using": by, "value": value})["value"]
           ^^^^^^^^^^^^^^^^^^^^^^^^^^^^^^^^^^^^^^^^^^^^^^^^^^^^^^^^^^^^^^^^^
  File "/Users/federicopessina/repos/data_science_env/lib/python3.12/site-packages/selenium/webdriver/remote/webdriver.py", line 445, in execute
    response = self.command_executor.execute(driver_command, params)
               ^^^^^^^^^^^^^^^^^^^^^^^^^^^^^^^^^^^^^^^^^^^^^^^^^^^^^
  File "/Users/federicopessina/repos/data_science_env/lib/python3.12/site-packages/selenium/webdriver/remote/remote_connection.py", line 404, in execute
    return self._request(command_info[0], url, body=data)
           ^^^^^^^^^^^^^^^^^^^^^^^^^^^^^^^^^^^^^^^^^^^^^^
  File "/Users/federicopessina/repos/data_science_env/lib/python3.12/site-packages/selenium/webdriver/remote/remote_connection.py", line 428, in _request
    response = self._conn.request(method, url, body=body, headers=headers, timeout=self._client_config.timeout)
               ^^^^^^^^^^^^^^^^^^^^^^^^^^^^^^^^^^^^^^^^^^^^^^^^^^^^^^^^^^^^^^^^^^^^^^^^^^^^^^^^^^^^^^^^^^^^^^^^
  File "/Users/federicopessina/repos/data_science_env/lib/python3.12/site-packages/urllib3/_request_methods.py", line 143, in request
    return self.request_encode_body(
           ^^^^^^^^^^^^^^^^^^^^^^^^^
  File "/Users/federicopessina/repos/data_science_env/lib/python3.12/site-packages/urllib3/_request_methods.py", line 278, in request_encode_body
    return self.urlopen(method, url, **extra_kw)
           ^^^^^^^^^^^^^^^^^^^^^^^^^^^^^^^^^^^^^
  File "/Users/federicopessina/repos/data_science_env/lib/python3.12/site-packages/urllib3/poolmanager.py", line 443, in urlopen
    response = conn.urlopen(method, u.request_uri, **kw)
               ^^^^^^^^^^^^^^^^^^^^^^^^^^^^^^^^^^^^^^^^^
  File "/Users/federicopessina/repos/data_science_env/lib/python3.12/site-packages/urllib3/connectionpool.py", line 871, in urlopen
    return self.urlopen(
           ^^^^^^^^^^^^^
  File "/Users/federicopessina/repos/data_science_env/lib/python3.12/site-packages/urllib3/connectionpool.py", line 871, in urlopen
    return self.urlopen(
           ^^^^^^^^^^^^^
  File "/Users/federicopessina/repos/data_science_env/lib/python3.12/site-packages/urllib3/connectionpool.py", line 871, in urlopen
    return self.urlopen(
           ^^^^^^^^^^^^^
  File "/Users/federicopessina/repos/data_science_env/lib/python3.12/site-packages/urllib3/connectionpool.py", line 841, in urlopen
    retries = retries.increment(
              ^^^^^^^^^^^^^^^^^^
  File "/Users/federicopessina/repos/data_science_env/lib/python3.12/site-packages/urllib3/util/retry.py", line 519, in increment
    raise MaxRetryError(_pool, url, reason) from reason  # type: ignore[arg-type]
    ^^^^^^^^^^^^^^^^^^^^^^^^^^^^^^^^^^^^^^^^^^^^^^^^^^^
urllib3.exceptions.MaxRetryError: HTTPConnectionPool(host='localhost', port=62529): Max retries exceeded with url: /session/1af00dd7898f2537ce15553fc31475e3/element (Caused by NewConnectionError('<urllib3.connection.HTTPConnection object at 0x1071cab70>: Failed to establish a new connection: [Errno 61] Connection refused'))
2025-07-16 10:33:07 [INFO] Attempting to navigate back to original page...
2025-07-16 10:33:07 [WARNING] Retrying (Retry(total=2, connect=None, read=None, redirect=None, status=None)) after connection broken by 'NewConnectionError('<urllib3.connection.HTTPConnection object at 0x1071caf90>: Failed to establish a new connection: [Errno 61] Connection refused')': /session/1af00dd7898f2537ce15553fc31475e3/url
2025-07-16 10:33:07 [WARNING] Retrying (Retry(total=1, connect=None, read=None, redirect=None, status=None)) after connection broken by 'NewConnectionError('<urllib3.connection.HTTPConnection object at 0x1071cb7a0>: Failed to establish a new connection: [Errno 61] Connection refused')': /session/1af00dd7898f2537ce15553fc31475e3/url
2025-07-16 10:33:07 [WARNING] Retrying (Retry(total=0, connect=None, read=None, redirect=None, status=None)) after connection broken by 'NewConnectionError('<urllib3.connection.HTTPConnection object at 0x1071cb9b0>: Failed to establish a new connection: [Errno 61] Connection refused')': /session/1af00dd7898f2537ce15553fc31475e3/url
2025-07-16 10:33:07 [ERROR] Failed to reset browser state: HTTPConnectionPool(host='localhost', port=62529): Max retries exceeded with url: /session/1af00dd7898f2537ce15553fc31475e3/url (Caused by NewConnectionError('<urllib3.connection.HTTPConnection object at 0x1071cbb90>: Failed to establish a new connection: [Errno 61] Connection refused'))
2025-07-16 10:33:07 [WARNING] Retrying (Retry(total=2, connect=None, read=None, redirect=None, status=None)) after connection broken by 'NewConnectionError('<urllib3.connection.HTTPConnection object at 0x1071cbda0>: Failed to establish a new connection: [Errno 61] Connection refused')': /session/1af00dd7898f2537ce15553fc31475e3
2025-07-16 10:33:07 [WARNING] Retrying (Retry(total=1, connect=None, read=None, redirect=None, status=None)) after connection broken by 'NewConnectionError('<urllib3.connection.HTTPConnection object at 0x1071cbf50>: Failed to establish a new connection: [Errno 61] Connection refused')': /session/1af00dd7898f2537ce15553fc31475e3
2025-07-16 10:33:07 [WARNING] Retrying (Retry(total=0, connect=None, read=None, redirect=None, status=None)) after connection broken by 'NewConnectionError('<urllib3.connection.HTTPConnection object at 0x1072c4110>: Failed to establish a new connection: [Errno 61] Connection refused')': /session/1af00dd7898f2537ce15553fc31475e3
2025-07-16 10:33:10 [INFO] ✅ Successfully reinitialized driver
2025-07-16 10:33:10 [INFO] Task status updated to -1 for All/None 2018-01-01-2018-01-31
2025-07-16 10:33:10 [INFO] Running task for industry: All and subfocus: None, from 2018-01-01 to 2018-01-31
2025-07-16 10:33:10 [INFO] Task 64/1159: All/None 2018-01-01-2018-01-31
2025-07-16 10:33:10 [INFO] Starting scraper task for All from 2018-01-01 to 2018-01-31
2025-07-16 10:33:10 [INFO] First iteration: performing full setup
2025-07-16 10:33:10 [INFO] Setting date range: 2018-01-01 to 2018-01-31
2025-07-16 10:33:10 [WARNING] Retrying (Retry(total=2, connect=None, read=None, redirect=None, status=None)) after connection broken by 'NewConnectionError('<urllib3.connection.HTTPConnection object at 0x1072c4800>: Failed to establish a new connection: [Errno 61] Connection refused')': /session/1af00dd7898f2537ce15553fc31475e3/element
2025-07-16 10:33:10 [WARNING] Retrying (Retry(total=1, connect=None, read=None, redirect=None, status=None)) after connection broken by 'NewConnectionError('<urllib3.connection.HTTPConnection object at 0x1072c4b60>: Failed to establish a new connection: [Errno 61] Connection refused')': /session/1af00dd7898f2537ce15553fc31475e3/element
2025-07-16 10:33:10 [WARNING] Retrying (Retry(total=0, connect=None, read=None, redirect=None, status=None)) after connection broken by 'NewConnectionError('<urllib3.connection.HTTPConnection object at 0x1072c4d40>: Failed to establish a new connection: [Errno 61] Connection refused')': /session/1af00dd7898f2537ce15553fc31475e3/element
2025-07-16 10:33:10 [ERROR] Error processing task for All/None from 2018-01-01 to 2018-01-31: HTTPConnectionPool(host='localhost', port=62529): Max retries exceeded with url: /session/1af00dd7898f2537ce15553fc31475e3/element (Caused by NewConnectionError('<urllib3.connection.HTTPConnection object at 0x1072c4f20>: Failed to establish a new connection: [Errno 61] Connection refused'))
Traceback (most recent call last):
  File "/Users/federicopessina/repos/data_science_env/lib/python3.12/site-packages/urllib3/connection.py", line 198, in _new_conn
    sock = connection.create_connection(
           ^^^^^^^^^^^^^^^^^^^^^^^^^^^^^
  File "/Users/federicopessina/repos/data_science_env/lib/python3.12/site-packages/urllib3/util/connection.py", line 85, in create_connection
    raise err
  File "/Users/federicopessina/repos/data_science_env/lib/python3.12/site-packages/urllib3/util/connection.py", line 73, in create_connection
    sock.connect(sa)
ConnectionRefusedError: [Errno 61] Connection refused

The above exception was the direct cause of the following exception:

Traceback (most recent call last):
  File "/Users/federicopessina/repos/data_science_env/lib/python3.12/site-packages/urllib3/connectionpool.py", line 787, in urlopen
    response = self._make_request(
               ^^^^^^^^^^^^^^^^^^^
  File "/Users/federicopessina/repos/data_science_env/lib/python3.12/site-packages/urllib3/connectionpool.py", line 493, in _make_request
    conn.request(
  File "/Users/federicopessina/repos/data_science_env/lib/python3.12/site-packages/urllib3/connection.py", line 445, in request
    self.endheaders()
  File "/Users/federicopessina/.pyenv/versions/3.12.0/lib/python3.12/http/client.py", line 1314, in endheaders
    self._send_output(message_body, encode_chunked=encode_chunked)
  File "/Users/federicopessina/.pyenv/versions/3.12.0/lib/python3.12/http/client.py", line 1074, in _send_output
    self.send(msg)
  File "/Users/federicopessina/.pyenv/versions/3.12.0/lib/python3.12/http/client.py", line 1018, in send
    self.connect()
  File "/Users/federicopessina/repos/data_science_env/lib/python3.12/site-packages/urllib3/connection.py", line 276, in connect
    self.sock = self._new_conn()
                ^^^^^^^^^^^^^^^^
  File "/Users/federicopessina/repos/data_science_env/lib/python3.12/site-packages/urllib3/connection.py", line 213, in _new_conn
    raise NewConnectionError(
urllib3.exceptions.NewConnectionError: <urllib3.connection.HTTPConnection object at 0x1072c4f20>: Failed to establish a new connection: [Errno 61] Connection refused

The above exception was the direct cause of the following exception:

Traceback (most recent call last):
  File "/Users/federicopessina/Repos/Factiva_data/main/factiva_scraper.py", line 210, in <module>
    run_scraper_tasks(industry,
  File "/Users/federicopessina/Repos/Factiva_data/src/scrape_utils.py", line 935, in run_scraper_tasks
    change_date_range(driver,start_date,end_date)
  File "/Users/federicopessina/Repos/Factiva_data/src/scrape_utils.py", line 82, in change_date_range
    date_dropdown = wait.until(EC.element_to_be_clickable((By.ID, "dr")))
                    ^^^^^^^^^^^^^^^^^^^^^^^^^^^^^^^^^^^^^^^^^^^^^^^^^^^^^
  File "/Users/federicopessina/repos/data_science_env/lib/python3.12/site-packages/selenium/webdriver/support/wait.py", line 129, in until
    value = method(self._driver)
            ^^^^^^^^^^^^^^^^^^^^
  File "/Users/federicopessina/repos/data_science_env/lib/python3.12/site-packages/selenium/webdriver/support/expected_conditions.py", line 622, in _predicate
    target = driver.find_element(*target)  # grab element at locator
             ^^^^^^^^^^^^^^^^^^^^^^^^^^^^
  File "/Users/federicopessina/repos/data_science_env/lib/python3.12/site-packages/selenium/webdriver/remote/webdriver.py", line 914, in find_element
    return self.execute(Command.FIND_ELEMENT, {"using": by, "value": value})["value"]
           ^^^^^^^^^^^^^^^^^^^^^^^^^^^^^^^^^^^^^^^^^^^^^^^^^^^^^^^^^^^^^^^^^
  File "/Users/federicopessina/repos/data_science_env/lib/python3.12/site-packages/selenium/webdriver/remote/webdriver.py", line 445, in execute
    response = self.command_executor.execute(driver_command, params)
               ^^^^^^^^^^^^^^^^^^^^^^^^^^^^^^^^^^^^^^^^^^^^^^^^^^^^^
  File "/Users/federicopessina/repos/data_science_env/lib/python3.12/site-packages/selenium/webdriver/remote/remote_connection.py", line 404, in execute
    return self._request(command_info[0], url, body=data)
           ^^^^^^^^^^^^^^^^^^^^^^^^^^^^^^^^^^^^^^^^^^^^^^
  File "/Users/federicopessina/repos/data_science_env/lib/python3.12/site-packages/selenium/webdriver/remote/remote_connection.py", line 428, in _request
    response = self._conn.request(method, url, body=body, headers=headers, timeout=self._client_config.timeout)
               ^^^^^^^^^^^^^^^^^^^^^^^^^^^^^^^^^^^^^^^^^^^^^^^^^^^^^^^^^^^^^^^^^^^^^^^^^^^^^^^^^^^^^^^^^^^^^^^^
  File "/Users/federicopessina/repos/data_science_env/lib/python3.12/site-packages/urllib3/_request_methods.py", line 143, in request
    return self.request_encode_body(
           ^^^^^^^^^^^^^^^^^^^^^^^^^
  File "/Users/federicopessina/repos/data_science_env/lib/python3.12/site-packages/urllib3/_request_methods.py", line 278, in request_encode_body
    return self.urlopen(method, url, **extra_kw)
           ^^^^^^^^^^^^^^^^^^^^^^^^^^^^^^^^^^^^^
  File "/Users/federicopessina/repos/data_science_env/lib/python3.12/site-packages/urllib3/poolmanager.py", line 443, in urlopen
    response = conn.urlopen(method, u.request_uri, **kw)
               ^^^^^^^^^^^^^^^^^^^^^^^^^^^^^^^^^^^^^^^^^
  File "/Users/federicopessina/repos/data_science_env/lib/python3.12/site-packages/urllib3/connectionpool.py", line 871, in urlopen
    return self.urlopen(
           ^^^^^^^^^^^^^
  File "/Users/federicopessina/repos/data_science_env/lib/python3.12/site-packages/urllib3/connectionpool.py", line 871, in urlopen
    return self.urlopen(
           ^^^^^^^^^^^^^
  File "/Users/federicopessina/repos/data_science_env/lib/python3.12/site-packages/urllib3/connectionpool.py", line 871, in urlopen
    return self.urlopen(
           ^^^^^^^^^^^^^
  File "/Users/federicopessina/repos/data_science_env/lib/python3.12/site-packages/urllib3/connectionpool.py", line 841, in urlopen
    retries = retries.increment(
              ^^^^^^^^^^^^^^^^^^
  File "/Users/federicopessina/repos/data_science_env/lib/python3.12/site-packages/urllib3/util/retry.py", line 519, in increment
    raise MaxRetryError(_pool, url, reason) from reason  # type: ignore[arg-type]
    ^^^^^^^^^^^^^^^^^^^^^^^^^^^^^^^^^^^^^^^^^^^^^^^^^^^
urllib3.exceptions.MaxRetryError: HTTPConnectionPool(host='localhost', port=62529): Max retries exceeded with url: /session/1af00dd7898f2537ce15553fc31475e3/element (Caused by NewConnectionError('<urllib3.connection.HTTPConnection object at 0x1072c4f20>: Failed to establish a new connection: [Errno 61] Connection refused'))
2025-07-16 10:33:10 [INFO] Attempting to navigate back to original page...
2025-07-16 10:33:10 [WARNING] Retrying (Retry(total=2, connect=None, read=None, redirect=None, status=None)) after connection broken by 'NewConnectionError('<urllib3.connection.HTTPConnection object at 0x1072c5340>: Failed to establish a new connection: [Errno 61] Connection refused')': /session/1af00dd7898f2537ce15553fc31475e3/url
2025-07-16 10:33:10 [WARNING] Retrying (Retry(total=1, connect=None, read=None, redirect=None, status=None)) after connection broken by 'NewConnectionError('<urllib3.connection.HTTPConnection object at 0x1072c54c0>: Failed to establish a new connection: [Errno 61] Connection refused')': /session/1af00dd7898f2537ce15553fc31475e3/url
2025-07-16 10:33:10 [WARNING] Retrying (Retry(total=0, connect=None, read=None, redirect=None, status=None)) after connection broken by 'NewConnectionError('<urllib3.connection.HTTPConnection object at 0x1072c5700>: Failed to establish a new connection: [Errno 61] Connection refused')': /session/1af00dd7898f2537ce15553fc31475e3/url
2025-07-16 10:33:10 [ERROR] Failed to reset browser state: HTTPConnectionPool(host='localhost', port=62529): Max retries exceeded with url: /session/1af00dd7898f2537ce15553fc31475e3/url (Caused by NewConnectionError('<urllib3.connection.HTTPConnection object at 0x1072c5940>: Failed to establish a new connection: [Errno 61] Connection refused'))
2025-07-16 10:33:10 [WARNING] Retrying (Retry(total=2, connect=None, read=None, redirect=None, status=None)) after connection broken by 'NewConnectionError('<urllib3.connection.HTTPConnection object at 0x1072c5c10>: Failed to establish a new connection: [Errno 61] Connection refused')': /session/1af00dd7898f2537ce15553fc31475e3
2025-07-16 10:33:10 [WARNING] Retrying (Retry(total=1, connect=None, read=None, redirect=None, status=None)) after connection broken by 'NewConnectionError('<urllib3.connection.HTTPConnection object at 0x1072c5df0>: Failed to establish a new connection: [Errno 61] Connection refused')': /session/1af00dd7898f2537ce15553fc31475e3
2025-07-16 10:33:10 [WARNING] Retrying (Retry(total=0, connect=None, read=None, redirect=None, status=None)) after connection broken by 'NewConnectionError('<urllib3.connection.HTTPConnection object at 0x1072c5fa0>: Failed to establish a new connection: [Errno 61] Connection refused')': /session/1af00dd7898f2537ce15553fc31475e3
